2021-10-23 14:27:57,139 INFO org.springframework.boot.StartupInfoLogger [restartedMain] Starting AssignmentApplication using Java 16.0.2 on daffolap865-ThinkPad-L480 with PID 3964 (/home/daffolap-865/Documents/project/assignment/target/classes started by daffolap-865 in /home/daffolap-865/Documents/project/assignment)
2021-10-23 14:27:57,139 INFO org.springframework.boot.SpringApplication [restartedMain] No active profile set, falling back to default profiles: default
2021-10-23 14:27:57,227 INFO org.springframework.data.repository.config.RepositoryConfigurationDelegate [restartedMain] Bootstrapping Spring Data JPA repositories in DEFAULT mode.
2021-10-23 14:27:57,233 INFO org.springframework.data.repository.config.RepositoryConfigurationDelegate [restartedMain] Finished Spring Data repository scanning in 4 ms. Found 2 JPA repository interfaces.
2021-10-23 14:27:57,294 INFO org.springframework.boot.web.embedded.tomcat.TomcatWebServer [restartedMain] Tomcat initialized with port(s): 8086 (http)
2021-10-23 14:27:57,295 INFO org.apache.juli.logging.DirectJDKLog [restartedMain] Starting service [Tomcat]
2021-10-23 14:27:57,295 INFO org.apache.juli.logging.DirectJDKLog [restartedMain] Starting Servlet engine: [Apache Tomcat/9.0.53]
2021-10-23 14:27:57,300 INFO org.apache.juli.logging.DirectJDKLog [restartedMain] Initializing Spring embedded WebApplicationContext
2021-10-23 14:27:57,300 INFO org.springframework.boot.web.servlet.context.ServletWebServerApplicationContext [restartedMain] Root WebApplicationContext: initialization completed in 159 ms
2021-10-23 14:27:57,327 INFO org.hibernate.jpa.internal.util.LogHelper [restartedMain] HHH000204: Processing PersistenceUnitInfo [name: default]
2021-10-23 14:27:57,330 INFO com.zaxxer.hikari.HikariDataSource [restartedMain] HikariPool-10 - Starting...
2021-10-23 14:27:57,341 INFO com.zaxxer.hikari.HikariDataSource [restartedMain] HikariPool-10 - Start completed.
2021-10-23 14:27:57,342 INFO org.hibernate.dialect.Dialect [restartedMain] HHH000400: Using dialect: org.hibernate.dialect.MySQL57InnoDBDialect
2021-10-23 14:27:57,373 INFO org.hibernate.engine.transaction.jta.platform.internal.JtaPlatformInitiator [restartedMain] HHH000490: Using JtaPlatform implementation: [org.hibernate.engine.transaction.jta.platform.internal.NoJtaPlatform]
2021-10-23 14:27:57,374 INFO org.springframework.orm.jpa.AbstractEntityManagerFactoryBean [restartedMain] Initialized JPA EntityManagerFactory for persistence unit 'default'
2021-10-23 14:27:57,455 WARN org.springframework.boot.autoconfigure.orm.jpa.JpaBaseConfiguration$JpaWebConfiguration [restartedMain] spring.jpa.open-in-view is enabled by default. Therefore, database queries may be performed during view rendering. Explicitly configure spring.jpa.open-in-view to disable this warning
2021-10-23 14:27:57,537 INFO org.springframework.boot.devtools.autoconfigure.OptionalLiveReloadServer [restartedMain] LiveReload server is running on port 35729
2021-10-23 14:27:57,546 INFO org.springframework.boot.web.embedded.tomcat.TomcatWebServer [restartedMain] Tomcat started on port(s): 8086 (http) with context path ''
2021-10-23 14:27:57,550 INFO org.springframework.boot.StartupInfoLogger [restartedMain] Started AssignmentApplication in 0.464 seconds (JVM running for 2955.765)
2021-10-23 14:27:57,551 INFO org.springframework.boot.devtools.autoconfigure.ConditionEvaluationDeltaLoggingListener [restartedMain] Condition evaluation unchanged
2021-10-23 14:32:34,615 INFO org.apache.juli.logging.DirectJDKLog [http-nio-8086-exec-2] Initializing Spring DispatcherServlet 'dispatcherServlet'
2021-10-23 14:32:34,615 INFO org.springframework.web.servlet.FrameworkServlet [http-nio-8086-exec-2] Initializing Servlet 'dispatcherServlet'
2021-10-23 14:32:34,615 INFO org.springframework.web.servlet.FrameworkServlet [http-nio-8086-exec-2] Completed initialization in 0 ms
2021-10-23 14:36:24,610 INFO org.springframework.orm.jpa.AbstractEntityManagerFactoryBean [Thread-39] Closing JPA EntityManagerFactory for persistence unit 'default'
2021-10-23 14:36:24,612 INFO com.zaxxer.hikari.HikariDataSource [Thread-39] HikariPool-10 - Shutdown initiated...
2021-10-23 14:36:24,617 INFO com.zaxxer.hikari.HikariDataSource [Thread-39] HikariPool-10 - Shutdown completed.
2021-10-23 14:36:24,710 INFO org.springframework.boot.StartupInfoLogger [restartedMain] Starting AssignmentApplication using Java 16.0.2 on daffolap865-ThinkPad-L480 with PID 3964 (/home/daffolap-865/Documents/project/assignment/target/classes started by daffolap-865 in /home/daffolap-865/Documents/project/assignment)
2021-10-23 14:36:24,710 INFO org.springframework.boot.SpringApplication [restartedMain] No active profile set, falling back to default profiles: default
2021-10-23 14:36:24,803 INFO org.springframework.data.repository.config.RepositoryConfigurationDelegate [restartedMain] Bootstrapping Spring Data JPA repositories in DEFAULT mode.
2021-10-23 14:36:24,808 INFO org.springframework.data.repository.config.RepositoryConfigurationDelegate [restartedMain] Finished Spring Data repository scanning in 5 ms. Found 2 JPA repository interfaces.
2021-10-23 14:36:24,867 INFO org.springframework.boot.web.embedded.tomcat.TomcatWebServer [restartedMain] Tomcat initialized with port(s): 8086 (http)
2021-10-23 14:36:24,868 INFO org.apache.juli.logging.DirectJDKLog [restartedMain] Starting service [Tomcat]
2021-10-23 14:36:24,868 INFO org.apache.juli.logging.DirectJDKLog [restartedMain] Starting Servlet engine: [Apache Tomcat/9.0.53]
2021-10-23 14:36:24,873 INFO org.apache.juli.logging.DirectJDKLog [restartedMain] Initializing Spring embedded WebApplicationContext
2021-10-23 14:36:24,873 INFO org.springframework.boot.web.servlet.context.ServletWebServerApplicationContext [restartedMain] Root WebApplicationContext: initialization completed in 161 ms
2021-10-23 14:36:24,899 INFO org.hibernate.jpa.internal.util.LogHelper [restartedMain] HHH000204: Processing PersistenceUnitInfo [name: default]
2021-10-23 14:36:24,902 INFO com.zaxxer.hikari.HikariDataSource [restartedMain] HikariPool-11 - Starting...
2021-10-23 14:36:24,915 INFO com.zaxxer.hikari.HikariDataSource [restartedMain] HikariPool-11 - Start completed.
2021-10-23 14:36:24,916 INFO org.hibernate.dialect.Dialect [restartedMain] HHH000400: Using dialect: org.hibernate.dialect.MySQL57InnoDBDialect
2021-10-23 14:36:24,948 INFO org.hibernate.engine.transaction.jta.platform.internal.JtaPlatformInitiator [restartedMain] HHH000490: Using JtaPlatform implementation: [org.hibernate.engine.transaction.jta.platform.internal.NoJtaPlatform]
2021-10-23 14:36:24,949 INFO org.springframework.orm.jpa.AbstractEntityManagerFactoryBean [restartedMain] Initialized JPA EntityManagerFactory for persistence unit 'default'
2021-10-23 14:36:25,034 WARN org.springframework.boot.autoconfigure.orm.jpa.JpaBaseConfiguration$JpaWebConfiguration [restartedMain] spring.jpa.open-in-view is enabled by default. Therefore, database queries may be performed during view rendering. Explicitly configure spring.jpa.open-in-view to disable this warning
2021-10-23 14:36:25,106 INFO org.springframework.boot.devtools.autoconfigure.OptionalLiveReloadServer [restartedMain] LiveReload server is running on port 35729
2021-10-23 14:36:25,113 INFO org.springframework.boot.web.embedded.tomcat.TomcatWebServer [restartedMain] Tomcat started on port(s): 8086 (http) with context path ''
2021-10-23 14:36:25,117 INFO org.springframework.boot.StartupInfoLogger [restartedMain] Started AssignmentApplication in 0.432 seconds (JVM running for 3462.915)
2021-10-23 14:36:25,119 INFO org.springframework.boot.devtools.autoconfigure.ConditionEvaluationDeltaLoggingListener [restartedMain] Condition evaluation unchanged
2021-10-23 14:39:39,981 INFO org.springframework.orm.jpa.AbstractEntityManagerFactoryBean [Thread-45] Closing JPA EntityManagerFactory for persistence unit 'default'
2021-10-23 14:39:39,981 INFO com.zaxxer.hikari.HikariDataSource [Thread-45] HikariPool-11 - Shutdown initiated...
2021-10-23 14:39:39,984 INFO com.zaxxer.hikari.HikariDataSource [Thread-45] HikariPool-11 - Shutdown completed.
2021-10-23 14:39:40,058 INFO org.springframework.boot.StartupInfoLogger [restartedMain] Starting AssignmentApplication using Java 16.0.2 on daffolap865-ThinkPad-L480 with PID 3964 (/home/daffolap-865/Documents/project/assignment/target/classes started by daffolap-865 in /home/daffolap-865/Documents/project/assignment)
2021-10-23 14:39:40,059 INFO org.springframework.boot.SpringApplication [restartedMain] No active profile set, falling back to default profiles: default
2021-10-23 14:39:40,160 INFO org.springframework.data.repository.config.RepositoryConfigurationDelegate [restartedMain] Bootstrapping Spring Data JPA repositories in DEFAULT mode.
2021-10-23 14:39:40,166 INFO org.springframework.data.repository.config.RepositoryConfigurationDelegate [restartedMain] Finished Spring Data repository scanning in 6 ms. Found 2 JPA repository interfaces.
2021-10-23 14:39:40,232 INFO org.springframework.boot.web.embedded.tomcat.TomcatWebServer [restartedMain] Tomcat initialized with port(s): 8086 (http)
2021-10-23 14:39:40,232 INFO org.apache.juli.logging.DirectJDKLog [restartedMain] Starting service [Tomcat]
2021-10-23 14:39:40,232 INFO org.apache.juli.logging.DirectJDKLog [restartedMain] Starting Servlet engine: [Apache Tomcat/9.0.53]
2021-10-23 14:39:40,238 INFO org.apache.juli.logging.DirectJDKLog [restartedMain] Initializing Spring embedded WebApplicationContext
2021-10-23 14:39:40,239 INFO org.springframework.boot.web.servlet.context.ServletWebServerApplicationContext [restartedMain] Root WebApplicationContext: initialization completed in 179 ms
2021-10-23 14:39:40,266 INFO org.hibernate.jpa.internal.util.LogHelper [restartedMain] HHH000204: Processing PersistenceUnitInfo [name: default]
2021-10-23 14:39:40,270 INFO com.zaxxer.hikari.HikariDataSource [restartedMain] HikariPool-12 - Starting...
2021-10-23 14:39:40,283 INFO com.zaxxer.hikari.HikariDataSource [restartedMain] HikariPool-12 - Start completed.
2021-10-23 14:39:40,284 INFO org.hibernate.dialect.Dialect [restartedMain] HHH000400: Using dialect: org.hibernate.dialect.MySQL57InnoDBDialect
2021-10-23 14:39:40,321 INFO org.hibernate.engine.transaction.jta.platform.internal.JtaPlatformInitiator [restartedMain] HHH000490: Using JtaPlatform implementation: [org.hibernate.engine.transaction.jta.platform.internal.NoJtaPlatform]
2021-10-23 14:39:40,321 INFO org.springframework.orm.jpa.AbstractEntityManagerFactoryBean [restartedMain] Initialized JPA EntityManagerFactory for persistence unit 'default'
2021-10-23 14:39:40,424 WARN org.springframework.boot.autoconfigure.orm.jpa.JpaBaseConfiguration$JpaWebConfiguration [restartedMain] spring.jpa.open-in-view is enabled by default. Therefore, database queries may be performed during view rendering. Explicitly configure spring.jpa.open-in-view to disable this warning
2021-10-23 14:39:40,504 INFO org.springframework.boot.devtools.autoconfigure.OptionalLiveReloadServer [restartedMain] LiveReload server is running on port 35729
2021-10-23 14:39:40,513 INFO org.springframework.boot.web.embedded.tomcat.TomcatWebServer [restartedMain] Tomcat started on port(s): 8086 (http) with context path ''
2021-10-23 14:39:40,518 INFO org.springframework.boot.StartupInfoLogger [restartedMain] Started AssignmentApplication in 0.485 seconds (JVM running for 3658.316)
2021-10-23 14:39:40,520 INFO org.springframework.boot.devtools.autoconfigure.ConditionEvaluationDeltaLoggingListener [restartedMain] Condition evaluation unchanged
2021-10-23 14:39:47,671 INFO org.apache.juli.logging.DirectJDKLog [http-nio-8086-exec-2] Initializing Spring DispatcherServlet 'dispatcherServlet'
2021-10-23 14:39:47,671 INFO org.springframework.web.servlet.FrameworkServlet [http-nio-8086-exec-2] Initializing Servlet 'dispatcherServlet'
2021-10-23 14:39:47,672 INFO org.springframework.web.servlet.FrameworkServlet [http-nio-8086-exec-2] Completed initialization in 1 ms
2021-10-23 14:39:47,672 INFO com.assignment.controller.EmployeeController [http-nio-8086-exec-2] Get request for employee start*************
2021-10-23 14:43:19,381 INFO org.springframework.orm.jpa.AbstractEntityManagerFactoryBean [Thread-49] Closing JPA EntityManagerFactory for persistence unit 'default'
2021-10-23 14:43:19,383 INFO com.zaxxer.hikari.HikariDataSource [Thread-49] HikariPool-12 - Shutdown initiated...
2021-10-23 14:43:19,388 INFO com.zaxxer.hikari.HikariDataSource [Thread-49] HikariPool-12 - Shutdown completed.
2021-10-23 14:43:19,475 INFO org.springframework.boot.StartupInfoLogger [restartedMain] Starting AssignmentApplication using Java 16.0.2 on daffolap865-ThinkPad-L480 with PID 3964 (/home/daffolap-865/Documents/project/assignment/target/classes started by daffolap-865 in /home/daffolap-865/Documents/project/assignment)
2021-10-23 14:43:19,476 INFO org.springframework.boot.SpringApplication [restartedMain] No active profile set, falling back to default profiles: default
2021-10-23 14:43:19,573 INFO org.springframework.data.repository.config.RepositoryConfigurationDelegate [restartedMain] Bootstrapping Spring Data JPA repositories in DEFAULT mode.
2021-10-23 14:43:19,579 INFO org.springframework.data.repository.config.RepositoryConfigurationDelegate [restartedMain] Finished Spring Data repository scanning in 5 ms. Found 2 JPA repository interfaces.
2021-10-23 14:43:19,643 INFO org.springframework.boot.web.embedded.tomcat.TomcatWebServer [restartedMain] Tomcat initialized with port(s): 8086 (http)
2021-10-23 14:43:19,643 INFO org.apache.juli.logging.DirectJDKLog [restartedMain] Starting service [Tomcat]
2021-10-23 14:43:19,643 INFO org.apache.juli.logging.DirectJDKLog [restartedMain] Starting Servlet engine: [Apache Tomcat/9.0.53]
2021-10-23 14:43:19,648 INFO org.apache.juli.logging.DirectJDKLog [restartedMain] Initializing Spring embedded WebApplicationContext
2021-10-23 14:43:19,649 INFO org.springframework.boot.web.servlet.context.ServletWebServerApplicationContext [restartedMain] Root WebApplicationContext: initialization completed in 172 ms
2021-10-23 14:43:19,678 INFO org.hibernate.jpa.internal.util.LogHelper [restartedMain] HHH000204: Processing PersistenceUnitInfo [name: default]
2021-10-23 14:43:19,680 INFO com.zaxxer.hikari.HikariDataSource [restartedMain] HikariPool-13 - Starting...
2021-10-23 14:43:19,693 INFO com.zaxxer.hikari.HikariDataSource [restartedMain] HikariPool-13 - Start completed.
2021-10-23 14:43:19,693 INFO org.hibernate.dialect.Dialect [restartedMain] HHH000400: Using dialect: org.hibernate.dialect.MySQL57InnoDBDialect
2021-10-23 14:43:19,725 INFO org.hibernate.engine.transaction.jta.platform.internal.JtaPlatformInitiator [restartedMain] HHH000490: Using JtaPlatform implementation: [org.hibernate.engine.transaction.jta.platform.internal.NoJtaPlatform]
2021-10-23 14:43:19,726 INFO org.springframework.orm.jpa.AbstractEntityManagerFactoryBean [restartedMain] Initialized JPA EntityManagerFactory for persistence unit 'default'
2021-10-23 14:43:19,812 WARN org.springframework.boot.autoconfigure.orm.jpa.JpaBaseConfiguration$JpaWebConfiguration [restartedMain] spring.jpa.open-in-view is enabled by default. Therefore, database queries may be performed during view rendering. Explicitly configure spring.jpa.open-in-view to disable this warning
2021-10-23 14:43:19,891 INFO org.springframework.boot.devtools.autoconfigure.OptionalLiveReloadServer [restartedMain] LiveReload server is running on port 35729
2021-10-23 14:43:19,900 INFO org.springframework.boot.web.embedded.tomcat.TomcatWebServer [restartedMain] Tomcat started on port(s): 8086 (http) with context path ''
2021-10-23 14:43:19,904 INFO org.springframework.boot.StartupInfoLogger [restartedMain] Started AssignmentApplication in 0.454 seconds (JVM running for 3877.702)
2021-10-23 14:43:19,905 INFO org.springframework.boot.devtools.autoconfigure.ConditionEvaluationDeltaLoggingListener [restartedMain] Condition evaluation unchanged
2021-10-23 14:43:26,398 INFO org.apache.juli.logging.DirectJDKLog [http-nio-8086-exec-2] Initializing Spring DispatcherServlet 'dispatcherServlet'
2021-10-23 14:43:26,399 INFO org.springframework.web.servlet.FrameworkServlet [http-nio-8086-exec-2] Initializing Servlet 'dispatcherServlet'
2021-10-23 14:43:26,399 INFO org.springframework.web.servlet.FrameworkServlet [http-nio-8086-exec-2] Completed initialization in 0 ms
2021-10-23 14:44:19,434 INFO org.springframework.orm.jpa.AbstractEntityManagerFactoryBean [Thread-53] Closing JPA EntityManagerFactory for persistence unit 'default'
2021-10-23 14:44:19,436 INFO com.zaxxer.hikari.HikariDataSource [Thread-53] HikariPool-13 - Shutdown initiated...
2021-10-23 14:44:19,442 INFO com.zaxxer.hikari.HikariDataSource [Thread-53] HikariPool-13 - Shutdown completed.
2021-10-23 14:44:19,537 INFO org.springframework.boot.StartupInfoLogger [restartedMain] Starting AssignmentApplication using Java 16.0.2 on daffolap865-ThinkPad-L480 with PID 3964 (/home/daffolap-865/Documents/project/assignment/target/classes started by daffolap-865 in /home/daffolap-865/Documents/project/assignment)
2021-10-23 14:44:19,538 INFO org.springframework.boot.SpringApplication [restartedMain] No active profile set, falling back to default profiles: default
2021-10-23 14:44:19,643 INFO org.springframework.data.repository.config.RepositoryConfigurationDelegate [restartedMain] Bootstrapping Spring Data JPA repositories in DEFAULT mode.
2021-10-23 14:44:19,649 INFO org.springframework.data.repository.config.RepositoryConfigurationDelegate [restartedMain] Finished Spring Data repository scanning in 5 ms. Found 2 JPA repository interfaces.
2021-10-23 14:44:19,714 INFO org.springframework.boot.web.embedded.tomcat.TomcatWebServer [restartedMain] Tomcat initialized with port(s): 8086 (http)
2021-10-23 14:44:19,715 INFO org.apache.juli.logging.DirectJDKLog [restartedMain] Starting service [Tomcat]
2021-10-23 14:44:19,715 INFO org.apache.juli.logging.DirectJDKLog [restartedMain] Starting Servlet engine: [Apache Tomcat/9.0.53]
2021-10-23 14:44:19,721 INFO org.apache.juli.logging.DirectJDKLog [restartedMain] Initializing Spring embedded WebApplicationContext
2021-10-23 14:44:19,721 INFO org.springframework.boot.web.servlet.context.ServletWebServerApplicationContext [restartedMain] Root WebApplicationContext: initialization completed in 181 ms
2021-10-23 14:44:19,749 INFO org.hibernate.jpa.internal.util.LogHelper [restartedMain] HHH000204: Processing PersistenceUnitInfo [name: default]
2021-10-23 14:44:19,752 INFO com.zaxxer.hikari.HikariDataSource [restartedMain] HikariPool-14 - Starting...
2021-10-23 14:44:19,763 INFO com.zaxxer.hikari.HikariDataSource [restartedMain] HikariPool-14 - Start completed.
2021-10-23 14:44:19,763 INFO org.hibernate.dialect.Dialect [restartedMain] HHH000400: Using dialect: org.hibernate.dialect.MySQL57InnoDBDialect
2021-10-23 14:44:19,793 INFO org.hibernate.engine.transaction.jta.platform.internal.JtaPlatformInitiator [restartedMain] HHH000490: Using JtaPlatform implementation: [org.hibernate.engine.transaction.jta.platform.internal.NoJtaPlatform]
2021-10-23 14:44:19,794 INFO org.springframework.orm.jpa.AbstractEntityManagerFactoryBean [restartedMain] Initialized JPA EntityManagerFactory for persistence unit 'default'
2021-10-23 14:44:19,876 WARN org.springframework.boot.autoconfigure.orm.jpa.JpaBaseConfiguration$JpaWebConfiguration [restartedMain] spring.jpa.open-in-view is enabled by default. Therefore, database queries may be performed during view rendering. Explicitly configure spring.jpa.open-in-view to disable this warning
2021-10-23 14:44:19,948 INFO org.springframework.boot.devtools.autoconfigure.OptionalLiveReloadServer [restartedMain] LiveReload server is running on port 35729
2021-10-23 14:44:19,956 INFO org.springframework.boot.web.embedded.tomcat.TomcatWebServer [restartedMain] Tomcat started on port(s): 8086 (http) with context path ''
2021-10-23 14:44:19,960 INFO org.springframework.boot.StartupInfoLogger [restartedMain] Started AssignmentApplication in 0.449 seconds (JVM running for 3937.758)
2021-10-23 14:44:19,961 INFO org.springframework.boot.devtools.autoconfigure.ConditionEvaluationDeltaLoggingListener [restartedMain] Condition evaluation unchanged
2021-10-23 14:44:36,397 INFO org.springframework.orm.jpa.AbstractEntityManagerFactoryBean [Thread-57] Closing JPA EntityManagerFactory for persistence unit 'default'
2021-10-23 14:44:36,398 INFO com.zaxxer.hikari.HikariDataSource [Thread-57] HikariPool-14 - Shutdown initiated...
2021-10-23 14:44:36,404 INFO com.zaxxer.hikari.HikariDataSource [Thread-57] HikariPool-14 - Shutdown completed.
2021-10-23 14:44:36,486 INFO org.springframework.boot.StartupInfoLogger [restartedMain] Starting AssignmentApplication using Java 16.0.2 on daffolap865-ThinkPad-L480 with PID 3964 (/home/daffolap-865/Documents/project/assignment/target/classes started by daffolap-865 in /home/daffolap-865/Documents/project/assignment)
2021-10-23 14:44:36,486 INFO org.springframework.boot.SpringApplication [restartedMain] No active profile set, falling back to default profiles: default
2021-10-23 14:44:36,574 INFO org.springframework.data.repository.config.RepositoryConfigurationDelegate [restartedMain] Bootstrapping Spring Data JPA repositories in DEFAULT mode.
2021-10-23 14:44:36,579 INFO org.springframework.data.repository.config.RepositoryConfigurationDelegate [restartedMain] Finished Spring Data repository scanning in 4 ms. Found 2 JPA repository interfaces.
2021-10-23 14:44:36,640 INFO org.springframework.boot.web.embedded.tomcat.TomcatWebServer [restartedMain] Tomcat initialized with port(s): 8086 (http)
2021-10-23 14:44:36,640 INFO org.apache.juli.logging.DirectJDKLog [restartedMain] Starting service [Tomcat]
2021-10-23 14:44:36,641 INFO org.apache.juli.logging.DirectJDKLog [restartedMain] Starting Servlet engine: [Apache Tomcat/9.0.53]
2021-10-23 14:44:36,646 INFO org.apache.juli.logging.DirectJDKLog [restartedMain] Initializing Spring embedded WebApplicationContext
2021-10-23 14:44:36,646 INFO org.springframework.boot.web.servlet.context.ServletWebServerApplicationContext [restartedMain] Root WebApplicationContext: initialization completed in 158 ms
2021-10-23 14:44:36,673 INFO org.hibernate.jpa.internal.util.LogHelper [restartedMain] HHH000204: Processing PersistenceUnitInfo [name: default]
2021-10-23 14:44:36,676 INFO com.zaxxer.hikari.HikariDataSource [restartedMain] HikariPool-15 - Starting...
2021-10-23 14:44:36,686 INFO com.zaxxer.hikari.HikariDataSource [restartedMain] HikariPool-15 - Start completed.
2021-10-23 14:44:36,687 INFO org.hibernate.dialect.Dialect [restartedMain] HHH000400: Using dialect: org.hibernate.dialect.MySQL57InnoDBDialect
2021-10-23 14:44:36,717 INFO org.hibernate.engine.transaction.jta.platform.internal.JtaPlatformInitiator [restartedMain] HHH000490: Using JtaPlatform implementation: [org.hibernate.engine.transaction.jta.platform.internal.NoJtaPlatform]
2021-10-23 14:44:36,718 INFO org.springframework.orm.jpa.AbstractEntityManagerFactoryBean [restartedMain] Initialized JPA EntityManagerFactory for persistence unit 'default'
2021-10-23 14:44:36,813 WARN org.springframework.boot.autoconfigure.orm.jpa.JpaBaseConfiguration$JpaWebConfiguration [restartedMain] spring.jpa.open-in-view is enabled by default. Therefore, database queries may be performed during view rendering. Explicitly configure spring.jpa.open-in-view to disable this warning
2021-10-23 14:44:36,887 INFO org.springframework.boot.devtools.autoconfigure.OptionalLiveReloadServer [restartedMain] LiveReload server is running on port 35729
2021-10-23 14:44:36,896 INFO org.springframework.boot.web.embedded.tomcat.TomcatWebServer [restartedMain] Tomcat started on port(s): 8086 (http) with context path ''
2021-10-23 14:44:36,899 INFO org.springframework.boot.StartupInfoLogger [restartedMain] Started AssignmentApplication in 0.44 seconds (JVM running for 3954.697)
2021-10-23 14:44:36,900 INFO org.springframework.boot.devtools.autoconfigure.ConditionEvaluationDeltaLoggingListener [restartedMain] Condition evaluation unchanged
2021-10-23 14:44:39,679 INFO org.apache.juli.logging.DirectJDKLog [http-nio-8086-exec-2] Initializing Spring DispatcherServlet 'dispatcherServlet'
2021-10-23 14:44:39,679 INFO org.springframework.web.servlet.FrameworkServlet [http-nio-8086-exec-2] Initializing Servlet 'dispatcherServlet'
2021-10-23 14:44:39,680 INFO org.springframework.web.servlet.FrameworkServlet [http-nio-8086-exec-2] Completed initialization in 1 ms
2021-10-23 14:44:39,681 INFO com.assignment.controller.EmployeeController [http-nio-8086-exec-2] *************
2021-10-23 14:49:52,947 INFO org.springframework.orm.jpa.AbstractEntityManagerFactoryBean [Thread-61] Closing JPA EntityManagerFactory for persistence unit 'default'
2021-10-23 14:49:52,948 INFO com.zaxxer.hikari.HikariDataSource [Thread-61] HikariPool-15 - Shutdown initiated...
2021-10-23 14:49:52,952 INFO com.zaxxer.hikari.HikariDataSource [Thread-61] HikariPool-15 - Shutdown completed.
2021-10-23 14:49:53,084 INFO org.springframework.boot.StartupInfoLogger [restartedMain] Starting AssignmentApplication using Java 16.0.2 on daffolap865-ThinkPad-L480 with PID 3964 (/home/daffolap-865/Documents/project/assignment/target/classes started by daffolap-865 in /home/daffolap-865/Documents/project/assignment)
2021-10-23 14:49:53,084 INFO org.springframework.boot.SpringApplication [restartedMain] No active profile set, falling back to default profiles: default
2021-10-23 14:49:53,358 INFO org.springframework.data.repository.config.RepositoryConfigurationDelegate [restartedMain] Bootstrapping Spring Data JPA repositories in DEFAULT mode.
2021-10-23 14:49:53,370 ERROR org.springframework.boot.SpringApplication [restartedMain] Application run failed
java.lang.TypeNotPresentException: Type com.assignment.entity.Employee not present
	at java.base/sun.reflect.generics.factory.CoreReflectionFactory.makeNamedType(CoreReflectionFactory.java:117)
	at java.base/sun.reflect.generics.visitor.Reifier.visitClassTypeSignature(Reifier.java:125)
	at java.base/sun.reflect.generics.tree.ClassTypeSignature.accept(ClassTypeSignature.java:49)
	at java.base/sun.reflect.generics.visitor.Reifier.reifyTypeArguments(Reifier.java:68)
	at java.base/sun.reflect.generics.visitor.Reifier.visitClassTypeSignature(Reifier.java:138)
	at java.base/sun.reflect.generics.tree.ClassTypeSignature.accept(ClassTypeSignature.java:49)
	at java.base/sun.reflect.generics.repository.ClassRepository.computeSuperInterfaces(ClassRepository.java:117)
	at java.base/sun.reflect.generics.repository.ClassRepository.getSuperInterfaces(ClassRepository.java:95)
	at java.base/java.lang.Class.getGenericInterfaces(Class.java:1205)
	at org.springframework.core.ResolvableType.getInterfaces(ResolvableType.java:502)
	at org.springframework.core.GenericTypeResolver.buildTypeVariableMap(GenericTypeResolver.java:271)
	at org.springframework.core.GenericTypeResolver.getTypeVariableMap(GenericTypeResolver.java:248)
	at org.springframework.data.util.ClassTypeInformation.getTypeVariableMap(ClassTypeInformation.java:115)
	at org.springframework.data.util.ClassTypeInformation.getTypeVariableMap(ClassTypeInformation.java:104)
	at org.springframework.data.util.ClassTypeInformation.<init>(ClassTypeInformation.java:93)
	at java.base/java.util.concurrent.ConcurrentMap.computeIfAbsent(ConcurrentMap.java:330)
	at org.springframework.data.util.ClassTypeInformation.from(ClassTypeInformation.java:71)
	at org.springframework.data.repository.core.support.AbstractRepositoryMetadata.<init>(AbstractRepositoryMetadata.java:63)
	at org.springframework.data.repository.core.support.DefaultRepositoryMetadata.<init>(DefaultRepositoryMetadata.java:49)
	at org.springframework.data.repository.core.support.AbstractRepositoryMetadata.getMetadata(AbstractRepositoryMetadata.java:78)
	at org.springframework.data.repository.config.RepositoryConfigurationExtensionSupport.getRepositoryConfigurations(RepositoryConfigurationExtensionSupport.java:103)
	at org.springframework.data.repository.config.RepositoryConfigurationDelegate.registerRepositoriesIn(RepositoryConfigurationDelegate.java:159)
	at org.springframework.boot.autoconfigure.data.AbstractRepositoryConfigurationSourceSupport.registerBeanDefinitions(AbstractRepositoryConfigurationSourceSupport.java:62)
	at org.springframework.context.annotation.ConfigurationClassBeanDefinitionReader.lambda$loadBeanDefinitionsFromRegistrars$1(ConfigurationClassBeanDefinitionReader.java:396)
	at java.base/java.util.LinkedHashMap.forEach(LinkedHashMap.java:723)
	at org.springframework.context.annotation.ConfigurationClassBeanDefinitionReader.loadBeanDefinitionsFromRegistrars(ConfigurationClassBeanDefinitionReader.java:395)
	at org.springframework.context.annotation.ConfigurationClassBeanDefinitionReader.loadBeanDefinitionsForConfigurationClass(ConfigurationClassBeanDefinitionReader.java:157)
	at org.springframework.context.annotation.ConfigurationClassBeanDefinitionReader.loadBeanDefinitions(ConfigurationClassBeanDefinitionReader.java:129)
	at org.springframework.context.annotation.ConfigurationClassPostProcessor.processConfigBeanDefinitions(ConfigurationClassPostProcessor.java:343)
	at org.springframework.context.annotation.ConfigurationClassPostProcessor.postProcessBeanDefinitionRegistry(ConfigurationClassPostProcessor.java:247)
	at org.springframework.context.support.PostProcessorRegistrationDelegate.invokeBeanDefinitionRegistryPostProcessors(PostProcessorRegistrationDelegate.java:311)
	at org.springframework.context.support.PostProcessorRegistrationDelegate.invokeBeanFactoryPostProcessors(PostProcessorRegistrationDelegate.java:112)
	at org.springframework.context.support.AbstractApplicationContext.invokeBeanFactoryPostProcessors(AbstractApplicationContext.java:746)
	at org.springframework.context.support.AbstractApplicationContext.refresh(AbstractApplicationContext.java:564)
	at org.springframework.boot.web.servlet.context.ServletWebServerApplicationContext.refresh(ServletWebServerApplicationContext.java:145)
	at org.springframework.boot.SpringApplication.refresh(SpringApplication.java:754)
	at org.springframework.boot.SpringApplication.refreshContext(SpringApplication.java:434)
	at org.springframework.boot.SpringApplication.run(SpringApplication.java:338)
	at org.springframework.boot.SpringApplication.run(SpringApplication.java:1343)
	at org.springframework.boot.SpringApplication.run(SpringApplication.java:1332)
	at com.assignment.AssignmentApplication.main(AssignmentApplication.java:10)
	at java.base/jdk.internal.reflect.NativeMethodAccessorImpl.invoke0(Native Method)
	at java.base/jdk.internal.reflect.NativeMethodAccessorImpl.invoke(NativeMethodAccessorImpl.java:78)
	at java.base/jdk.internal.reflect.DelegatingMethodAccessorImpl.invoke(DelegatingMethodAccessorImpl.java:43)
	at java.base/java.lang.reflect.Method.invoke(Method.java:567)
	at org.springframework.boot.devtools.restart.RestartLauncher.run(RestartLauncher.java:49)
Caused by: java.lang.ClassNotFoundException: com.assignment.entity.Employee
	at java.base/jdk.internal.loader.BuiltinClassLoader.loadClass(BuiltinClassLoader.java:636)
	at java.base/jdk.internal.loader.ClassLoaders$AppClassLoader.loadClass(ClassLoaders.java:182)
	at java.base/java.lang.ClassLoader.loadClass(ClassLoader.java:519)
	at java.base/java.lang.Class.forName0(Native Method)
	at java.base/java.lang.Class.forName(Class.java:466)
	at org.springframework.boot.devtools.restart.classloader.RestartClassLoader.loadClass(RestartClassLoader.java:145)
	at java.base/java.lang.ClassLoader.loadClass(ClassLoader.java:519)
	at java.base/java.lang.Class.forName0(Native Method)
	at java.base/java.lang.Class.forName(Class.java:466)
	at java.base/sun.reflect.generics.factory.CoreReflectionFactory.makeNamedType(CoreReflectionFactory.java:114)
	... 45 common frames omitted
2021-10-23 14:49:54,797 INFO org.springframework.boot.logging.DeferredLog [restartedMain] Devtools property defaults active! Set 'spring.devtools.add-properties' to 'false' to disable
2021-10-23 14:49:54,798 INFO org.springframework.boot.logging.DeferredLog [restartedMain] For additional web related logging consider setting the 'logging.level.web' property to 'DEBUG'
2021-10-23 14:49:54,806 INFO org.springframework.boot.StartupInfoLogger [restartedMain] Starting AssignmentApplication using Java 16.0.2 on daffolap865-ThinkPad-L480 with PID 3964 (/home/daffolap-865/Documents/project/assignment/target/classes started by daffolap-865 in /home/daffolap-865/Documents/project/assignment)
2021-10-23 14:49:54,806 INFO org.springframework.boot.SpringApplication [restartedMain] No active profile set, falling back to default profiles: default
2021-10-23 14:49:54,997 INFO org.springframework.data.repository.config.RepositoryConfigurationDelegate [restartedMain] Bootstrapping Spring Data JPA repositories in DEFAULT mode.
2021-10-23 14:49:55,009 INFO org.springframework.data.repository.config.RepositoryConfigurationDelegate [restartedMain] Finished Spring Data repository scanning in 11 ms. Found 2 JPA repository interfaces.
2021-10-23 14:49:55,172 INFO org.springframework.boot.web.embedded.tomcat.TomcatWebServer [restartedMain] Tomcat initialized with port(s): 8086 (http)
2021-10-23 14:49:55,174 INFO org.apache.juli.logging.DirectJDKLog [restartedMain] Starting service [Tomcat]
2021-10-23 14:49:55,174 INFO org.apache.juli.logging.DirectJDKLog [restartedMain] Starting Servlet engine: [Apache Tomcat/9.0.53]
2021-10-23 14:49:55,184 INFO org.apache.juli.logging.DirectJDKLog [restartedMain] Initializing Spring embedded WebApplicationContext
2021-10-23 14:49:55,184 INFO org.springframework.boot.web.servlet.context.ServletWebServerApplicationContext [restartedMain] Root WebApplicationContext: initialization completed in 376 ms
2021-10-23 14:49:55,263 INFO org.hibernate.jpa.internal.util.LogHelper [restartedMain] HHH000204: Processing PersistenceUnitInfo [name: default]
2021-10-23 14:49:55,272 INFO com.zaxxer.hikari.HikariDataSource [restartedMain] HikariPool-16 - Starting...
2021-10-23 14:49:55,305 INFO com.zaxxer.hikari.HikariDataSource [restartedMain] HikariPool-16 - Start completed.
2021-10-23 14:49:55,306 INFO org.hibernate.dialect.Dialect [restartedMain] HHH000400: Using dialect: org.hibernate.dialect.MySQL57InnoDBDialect
2021-10-23 14:49:55,369 INFO org.hibernate.engine.transaction.jta.platform.internal.JtaPlatformInitiator [restartedMain] HHH000490: Using JtaPlatform implementation: [org.hibernate.engine.transaction.jta.platform.internal.NoJtaPlatform]
2021-10-23 14:49:55,370 INFO org.springframework.orm.jpa.AbstractEntityManagerFactoryBean [restartedMain] Initialized JPA EntityManagerFactory for persistence unit 'default'
2021-10-23 14:49:55,511 WARN org.springframework.boot.autoconfigure.orm.jpa.JpaBaseConfiguration$JpaWebConfiguration [restartedMain] spring.jpa.open-in-view is enabled by default. Therefore, database queries may be performed during view rendering. Explicitly configure spring.jpa.open-in-view to disable this warning
2021-10-23 14:49:55,653 INFO org.springframework.boot.devtools.autoconfigure.OptionalLiveReloadServer [restartedMain] LiveReload server is running on port 35729
2021-10-23 14:49:55,674 INFO org.springframework.boot.web.embedded.tomcat.TomcatWebServer [restartedMain] Tomcat started on port(s): 8086 (http) with context path ''
2021-10-23 14:49:55,679 INFO org.springframework.boot.StartupInfoLogger [restartedMain] Started AssignmentApplication in 0.901 seconds (JVM running for 4273.477)
2021-10-23 14:49:55,681 INFO org.springframework.boot.devtools.autoconfigure.ConditionEvaluationDeltaLoggingListener [restartedMain] Condition evaluation unchanged
2021-10-23 14:49:57,067 INFO org.springframework.orm.jpa.AbstractEntityManagerFactoryBean [Thread-65] Closing JPA EntityManagerFactory for persistence unit 'default'
2021-10-23 14:49:57,069 INFO com.zaxxer.hikari.HikariDataSource [Thread-65] HikariPool-16 - Shutdown initiated...
2021-10-23 14:49:57,072 INFO com.zaxxer.hikari.HikariDataSource [Thread-65] HikariPool-16 - Shutdown completed.
2021-10-23 14:49:57,192 INFO org.springframework.boot.StartupInfoLogger [restartedMain] Starting AssignmentApplication using Java 16.0.2 on daffolap865-ThinkPad-L480 with PID 3964 (/home/daffolap-865/Documents/project/assignment/target/classes started by daffolap-865 in /home/daffolap-865/Documents/project/assignment)
2021-10-23 14:49:57,193 INFO org.springframework.boot.SpringApplication [restartedMain] No active profile set, falling back to default profiles: default
2021-10-23 14:49:57,369 INFO org.springframework.data.repository.config.RepositoryConfigurationDelegate [restartedMain] Bootstrapping Spring Data JPA repositories in DEFAULT mode.
2021-10-23 14:49:57,379 INFO org.springframework.data.repository.config.RepositoryConfigurationDelegate [restartedMain] Finished Spring Data repository scanning in 9 ms. Found 2 JPA repository interfaces.
2021-10-23 14:49:57,520 INFO org.springframework.boot.web.embedded.tomcat.TomcatWebServer [restartedMain] Tomcat initialized with port(s): 8086 (http)
2021-10-23 14:49:57,521 INFO org.apache.juli.logging.DirectJDKLog [restartedMain] Starting service [Tomcat]
2021-10-23 14:49:57,521 INFO org.apache.juli.logging.DirectJDKLog [restartedMain] Starting Servlet engine: [Apache Tomcat/9.0.53]
2021-10-23 14:49:57,531 INFO org.apache.juli.logging.DirectJDKLog [restartedMain] Initializing Spring embedded WebApplicationContext
2021-10-23 14:49:57,531 INFO org.springframework.boot.web.servlet.context.ServletWebServerApplicationContext [restartedMain] Root WebApplicationContext: initialization completed in 336 ms
2021-10-23 14:49:57,599 INFO org.hibernate.jpa.internal.util.LogHelper [restartedMain] HHH000204: Processing PersistenceUnitInfo [name: default]
2021-10-23 14:49:57,604 INFO com.zaxxer.hikari.HikariDataSource [restartedMain] HikariPool-17 - Starting...
2021-10-23 14:49:57,630 INFO com.zaxxer.hikari.HikariDataSource [restartedMain] HikariPool-17 - Start completed.
2021-10-23 14:49:57,631 INFO org.hibernate.dialect.Dialect [restartedMain] HHH000400: Using dialect: org.hibernate.dialect.MySQL57InnoDBDialect
2021-10-23 14:49:57,699 INFO org.hibernate.engine.transaction.jta.platform.internal.JtaPlatformInitiator [restartedMain] HHH000490: Using JtaPlatform implementation: [org.hibernate.engine.transaction.jta.platform.internal.NoJtaPlatform]
2021-10-23 14:49:57,700 INFO org.springframework.orm.jpa.AbstractEntityManagerFactoryBean [restartedMain] Initialized JPA EntityManagerFactory for persistence unit 'default'
2021-10-23 14:49:57,901 WARN org.springframework.boot.autoconfigure.orm.jpa.JpaBaseConfiguration$JpaWebConfiguration [restartedMain] spring.jpa.open-in-view is enabled by default. Therefore, database queries may be performed during view rendering. Explicitly configure spring.jpa.open-in-view to disable this warning
2021-10-23 14:49:58,028 INFO org.springframework.boot.devtools.autoconfigure.OptionalLiveReloadServer [restartedMain] LiveReload server is running on port 35729
2021-10-23 14:49:58,040 INFO org.springframework.boot.web.embedded.tomcat.TomcatWebServer [restartedMain] Tomcat started on port(s): 8086 (http) with context path ''
2021-10-23 14:49:58,044 INFO org.springframework.boot.StartupInfoLogger [restartedMain] Started AssignmentApplication in 0.888 seconds (JVM running for 4275.842)
2021-10-23 14:49:58,046 INFO org.springframework.boot.devtools.autoconfigure.ConditionEvaluationDeltaLoggingListener [restartedMain] Condition evaluation unchanged
2021-10-23 14:59:35,970 INFO org.springframework.orm.jpa.AbstractEntityManagerFactoryBean [Thread-72] Closing JPA EntityManagerFactory for persistence unit 'default'
2021-10-23 14:59:35,970 INFO com.zaxxer.hikari.HikariDataSource [Thread-72] HikariPool-17 - Shutdown initiated...
2021-10-23 14:59:35,972 INFO com.zaxxer.hikari.HikariDataSource [Thread-72] HikariPool-17 - Shutdown completed.
2021-10-23 14:59:36,054 INFO org.springframework.boot.StartupInfoLogger [restartedMain] Starting AssignmentApplication using Java 16.0.2 on daffolap865-ThinkPad-L480 with PID 3964 (/home/daffolap-865/Documents/project/assignment/target/classes started by daffolap-865 in /home/daffolap-865/Documents/project/assignment)
2021-10-23 14:59:36,055 INFO org.springframework.boot.SpringApplication [restartedMain] No active profile set, falling back to default profiles: default
2021-10-23 14:59:36,190 INFO org.springframework.data.repository.config.RepositoryConfigurationDelegate [restartedMain] Bootstrapping Spring Data JPA repositories in DEFAULT mode.
2021-10-23 14:59:36,198 INFO org.springframework.data.repository.config.RepositoryConfigurationDelegate [restartedMain] Finished Spring Data repository scanning in 7 ms. Found 2 JPA repository interfaces.
2021-10-23 14:59:36,267 INFO org.springframework.boot.web.embedded.tomcat.TomcatWebServer [restartedMain] Tomcat initialized with port(s): 8086 (http)
2021-10-23 14:59:36,267 INFO org.apache.juli.logging.DirectJDKLog [restartedMain] Starting service [Tomcat]
2021-10-23 14:59:36,268 INFO org.apache.juli.logging.DirectJDKLog [restartedMain] Starting Servlet engine: [Apache Tomcat/9.0.53]
2021-10-23 14:59:36,273 INFO org.apache.juli.logging.DirectJDKLog [restartedMain] Initializing Spring embedded WebApplicationContext
2021-10-23 14:59:36,273 INFO org.springframework.boot.web.servlet.context.ServletWebServerApplicationContext [restartedMain] Root WebApplicationContext: initialization completed in 217 ms
2021-10-23 14:59:36,302 INFO org.hibernate.jpa.internal.util.LogHelper [restartedMain] HHH000204: Processing PersistenceUnitInfo [name: default]
2021-10-23 14:59:36,305 INFO com.zaxxer.hikari.HikariDataSource [restartedMain] HikariPool-18 - Starting...
2021-10-23 14:59:36,327 INFO com.zaxxer.hikari.HikariDataSource [restartedMain] HikariPool-18 - Start completed.
2021-10-23 14:59:36,327 INFO org.hibernate.dialect.Dialect [restartedMain] HHH000400: Using dialect: org.hibernate.dialect.MySQL57InnoDBDialect
2021-10-23 14:59:36,363 INFO org.hibernate.engine.transaction.jta.platform.internal.JtaPlatformInitiator [restartedMain] HHH000490: Using JtaPlatform implementation: [org.hibernate.engine.transaction.jta.platform.internal.NoJtaPlatform]
2021-10-23 14:59:36,364 INFO org.springframework.orm.jpa.AbstractEntityManagerFactoryBean [restartedMain] Initialized JPA EntityManagerFactory for persistence unit 'default'
2021-10-23 14:59:36,501 WARN org.springframework.boot.autoconfigure.orm.jpa.JpaBaseConfiguration$JpaWebConfiguration [restartedMain] spring.jpa.open-in-view is enabled by default. Therefore, database queries may be performed during view rendering. Explicitly configure spring.jpa.open-in-view to disable this warning
2021-10-23 14:59:36,598 INFO org.springframework.boot.devtools.autoconfigure.OptionalLiveReloadServer [restartedMain] LiveReload server is running on port 35729
2021-10-23 14:59:36,606 INFO org.springframework.boot.web.embedded.tomcat.TomcatWebServer [restartedMain] Tomcat started on port(s): 8086 (http) with context path ''
2021-10-23 14:59:36,611 INFO org.springframework.boot.StartupInfoLogger [restartedMain] Started AssignmentApplication in 0.581 seconds (JVM running for 4854.409)
2021-10-23 14:59:36,613 INFO org.springframework.boot.devtools.autoconfigure.ConditionEvaluationDeltaLoggingListener [restartedMain] Condition evaluation unchanged
2021-10-23 14:59:41,629 INFO org.apache.juli.logging.DirectJDKLog [http-nio-8086-exec-2] Initializing Spring DispatcherServlet 'dispatcherServlet'
2021-10-23 14:59:41,630 INFO org.springframework.web.servlet.FrameworkServlet [http-nio-8086-exec-2] Initializing Servlet 'dispatcherServlet'
2021-10-23 14:59:41,630 INFO org.springframework.web.servlet.FrameworkServlet [http-nio-8086-exec-2] Completed initialization in 0 ms
2021-10-23 14:59:41,631 INFO com.assignment.controller.EmployeeController [http-nio-8086-exec-2] *************
