2021-10-28 09:04:01,945 INFO org.springframework.boot.admin.SpringApplicationAdminMXBeanRegistrar$SpringApplicationAdmin [RMI TCP Connection(596)-127.0.0.1] Application shutdown requested.
2021-10-28 09:04:01,958 INFO org.springframework.orm.jpa.AbstractEntityManagerFactoryBean [RMI TCP Connection(596)-127.0.0.1] Closing JPA EntityManagerFactory for persistence unit 'default'
2021-10-28 09:04:01,959 INFO com.zaxxer.hikari.HikariDataSource [RMI TCP Connection(596)-127.0.0.1] HikariPool-28 - Shutdown initiated...
2021-10-28 09:04:01,962 INFO com.zaxxer.hikari.HikariDataSource [RMI TCP Connection(596)-127.0.0.1] HikariPool-28 - Shutdown completed.
2021-10-28 10:09:10,969 INFO org.springframework.boot.StartupInfoLogger [restartedMain] Starting AssignmentApplication using Java 16.0.2 on daffolap865-ThinkPad-L480 with PID 11835 (/home/daffolap-865/Documents/project/assignment/target/classes started by daffolap-865 in /home/daffolap-865/Documents/project/assignment)
2021-10-28 10:09:10,972 INFO org.springframework.boot.SpringApplication [restartedMain] No active profile set, falling back to default profiles: default
2021-10-28 10:09:11,043 INFO org.springframework.boot.logging.DeferredLog [restartedMain] Devtools property defaults active! Set 'spring.devtools.add-properties' to 'false' to disable
2021-10-28 10:09:11,043 INFO org.springframework.boot.logging.DeferredLog [restartedMain] For additional web related logging consider setting the 'logging.level.web' property to 'DEBUG'
2021-10-28 10:09:12,165 INFO org.springframework.data.repository.config.RepositoryConfigurationDelegate [restartedMain] Bootstrapping Spring Data JPA repositories in DEFAULT mode.
2021-10-28 10:09:12,235 INFO org.springframework.data.repository.config.RepositoryConfigurationDelegate [restartedMain] Finished Spring Data repository scanning in 58 ms. Found 2 JPA repository interfaces.
2021-10-28 10:09:12,929 INFO org.springframework.boot.web.embedded.tomcat.TomcatWebServer [restartedMain] Tomcat initialized with port(s): 8086 (http)
2021-10-28 10:09:12,939 INFO org.apache.juli.logging.DirectJDKLog [restartedMain] Initializing ProtocolHandler ["http-nio-8086"]
2021-10-28 10:09:12,939 INFO org.apache.juli.logging.DirectJDKLog [restartedMain] Starting service [Tomcat]
2021-10-28 10:09:12,940 INFO org.apache.juli.logging.DirectJDKLog [restartedMain] Starting Servlet engine: [Apache Tomcat/9.0.53]
2021-10-28 10:09:13,015 INFO org.apache.juli.logging.DirectJDKLog [restartedMain] Initializing Spring embedded WebApplicationContext
2021-10-28 10:09:13,016 INFO org.springframework.boot.web.servlet.context.ServletWebServerApplicationContext [restartedMain] Root WebApplicationContext: initialization completed in 1971 ms
2021-10-28 10:09:13,211 INFO org.hibernate.jpa.internal.util.LogHelper [restartedMain] HHH000204: Processing PersistenceUnitInfo [name: default]
2021-10-28 10:09:13,282 INFO org.hibernate.Version [restartedMain] HHH000412: Hibernate ORM core version 5.4.32.Final
2021-10-28 10:09:13,476 INFO org.hibernate.annotations.common.reflection.java.JavaReflectionManager [restartedMain] HCANN000001: Hibernate Commons Annotations {5.1.2.Final}
2021-10-28 10:09:13,608 INFO com.zaxxer.hikari.HikariDataSource [restartedMain] HikariPool-1 - Starting...
2021-10-28 10:09:14,019 INFO com.zaxxer.hikari.HikariDataSource [restartedMain] HikariPool-1 - Start completed.
2021-10-28 10:09:14,038 INFO org.hibernate.dialect.Dialect [restartedMain] HHH000400: Using dialect: org.hibernate.dialect.MySQL57InnoDBDialect
2021-10-28 10:09:15,027 INFO org.hibernate.engine.transaction.jta.platform.internal.JtaPlatformInitiator [restartedMain] HHH000490: Using JtaPlatform implementation: [org.hibernate.engine.transaction.jta.platform.internal.NoJtaPlatform]
2021-10-28 10:09:15,038 INFO org.springframework.orm.jpa.AbstractEntityManagerFactoryBean [restartedMain] Initialized JPA EntityManagerFactory for persistence unit 'default'
2021-10-28 10:09:15,678 WARN org.springframework.boot.autoconfigure.orm.jpa.JpaBaseConfiguration$JpaWebConfiguration [restartedMain] spring.jpa.open-in-view is enabled by default. Therefore, database queries may be performed during view rendering. Explicitly configure spring.jpa.open-in-view to disable this warning
2021-10-28 10:09:15,822 INFO springfox.documentation.spring.web.PropertySourcedRequestMappingHandlerMapping [restartedMain] Mapped URL path [/v2/api-docs] onto method [springfox.documentation.swagger2.web.Swagger2Controller#getDocumentation(String, HttpServletRequest)]
2021-10-28 10:09:15,979 INFO org.springframework.boot.devtools.autoconfigure.OptionalLiveReloadServer [restartedMain] LiveReload server is running on port 35729
2021-10-28 10:09:16,136 INFO org.apache.juli.logging.DirectJDKLog [restartedMain] Starting ProtocolHandler ["http-nio-8086"]
2021-10-28 10:09:16,150 INFO org.springframework.boot.web.embedded.tomcat.TomcatWebServer [restartedMain] Tomcat started on port(s): 8086 (http) with context path ''
2021-10-28 10:09:16,151 INFO springfox.documentation.spring.web.plugins.DocumentationPluginsBootstrapper [restartedMain] Context refreshed
2021-10-28 10:09:16,176 INFO springfox.documentation.spring.web.plugins.DocumentationPluginsBootstrapper [restartedMain] Found 1 custom documentation plugin(s)
2021-10-28 10:09:16,205 INFO springfox.documentation.spring.web.scanners.ApiListingReferenceScanner [restartedMain] Scanning for api listing references
2021-10-28 10:09:16,433 INFO springfox.documentation.spring.web.readers.operation.CachingOperationNameGenerator [restartedMain] Generating unique operation named: getDepartmentUsingGET_1
2021-10-28 10:09:16,486 INFO org.springframework.boot.StartupInfoLogger [restartedMain] Started AssignmentApplication in 6.018 seconds (JVM running for 7.275)
2021-10-28 10:09:39,486 INFO org.apache.juli.logging.DirectJDKLog [http-nio-8086-exec-2] Initializing Spring DispatcherServlet 'dispatcherServlet'
2021-10-28 10:09:39,486 INFO org.springframework.web.servlet.FrameworkServlet [http-nio-8086-exec-2] Initializing Servlet 'dispatcherServlet'
2021-10-28 10:09:39,487 INFO org.springframework.web.servlet.FrameworkServlet [http-nio-8086-exec-2] Completed initialization in 1 ms
2021-10-28 10:09:39,512 INFO com.assignment.controller.EmployeeController [http-nio-8086-exec-2] Entry::  Get all Employees details
2021-10-28 10:09:39,743 WARN org.springframework.web.servlet.handler.AbstractHandlerExceptionResolver [http-nio-8086-exec-2] Resolved [CustomException(message=null, details=Error processing the request!, hint=Exception from get Employee, nextActions=Ask your friends for access at https://www.unthinkable.co/, support=Reach out to https://www.unthinkable.co/web-mobile-application-development/ for more help)]
2021-10-28 10:10:20,683 INFO org.springframework.orm.jpa.AbstractEntityManagerFactoryBean [Thread-4] Closing JPA EntityManagerFactory for persistence unit 'default'
2021-10-28 10:10:20,687 INFO com.zaxxer.hikari.HikariDataSource [Thread-4] HikariPool-1 - Shutdown initiated...
2021-10-28 10:10:20,695 INFO com.zaxxer.hikari.HikariDataSource [Thread-4] HikariPool-1 - Shutdown completed.
2021-10-28 10:10:20,830 INFO org.springframework.boot.StartupInfoLogger [restartedMain] Starting AssignmentApplication using Java 16.0.2 on daffolap865-ThinkPad-L480 with PID 11835 (/home/daffolap-865/Documents/project/assignment/target/classes started by daffolap-865 in /home/daffolap-865/Documents/project/assignment)
2021-10-28 10:10:20,831 INFO org.springframework.boot.SpringApplication [restartedMain] No active profile set, falling back to default profiles: default
2021-10-28 10:10:21,252 INFO org.springframework.data.repository.config.RepositoryConfigurationDelegate [restartedMain] Bootstrapping Spring Data JPA repositories in DEFAULT mode.
2021-10-28 10:10:21,265 INFO org.springframework.data.repository.config.RepositoryConfigurationDelegate [restartedMain] Finished Spring Data repository scanning in 11 ms. Found 2 JPA repository interfaces.
2021-10-28 10:10:21,415 INFO org.springframework.boot.web.embedded.tomcat.TomcatWebServer [restartedMain] Tomcat initialized with port(s): 8086 (http)
2021-10-28 10:10:21,416 INFO org.apache.juli.logging.DirectJDKLog [restartedMain] Initializing ProtocolHandler ["http-nio-8086"]
2021-10-28 10:10:21,416 INFO org.apache.juli.logging.DirectJDKLog [restartedMain] Starting service [Tomcat]
2021-10-28 10:10:21,417 INFO org.apache.juli.logging.DirectJDKLog [restartedMain] Starting Servlet engine: [Apache Tomcat/9.0.53]
2021-10-28 10:10:21,430 INFO org.apache.juli.logging.DirectJDKLog [restartedMain] Initializing Spring embedded WebApplicationContext
2021-10-28 10:10:21,431 INFO org.springframework.boot.web.servlet.context.ServletWebServerApplicationContext [restartedMain] Root WebApplicationContext: initialization completed in 597 ms
2021-10-28 10:10:21,485 INFO org.hibernate.jpa.internal.util.LogHelper [restartedMain] HHH000204: Processing PersistenceUnitInfo [name: default]
2021-10-28 10:10:21,490 INFO com.zaxxer.hikari.HikariDataSource [restartedMain] HikariPool-2 - Starting...
2021-10-28 10:10:21,510 INFO com.zaxxer.hikari.HikariDataSource [restartedMain] HikariPool-2 - Start completed.
2021-10-28 10:10:21,511 INFO org.hibernate.dialect.Dialect [restartedMain] HHH000400: Using dialect: org.hibernate.dialect.MySQL57InnoDBDialect
2021-10-28 10:10:21,575 INFO org.hibernate.engine.transaction.jta.platform.internal.JtaPlatformInitiator [restartedMain] HHH000490: Using JtaPlatform implementation: [org.hibernate.engine.transaction.jta.platform.internal.NoJtaPlatform]
2021-10-28 10:10:21,576 INFO org.springframework.orm.jpa.AbstractEntityManagerFactoryBean [restartedMain] Initialized JPA EntityManagerFactory for persistence unit 'default'
2021-10-28 10:10:21,738 WARN org.springframework.boot.autoconfigure.orm.jpa.JpaBaseConfiguration$JpaWebConfiguration [restartedMain] spring.jpa.open-in-view is enabled by default. Therefore, database queries may be performed during view rendering. Explicitly configure spring.jpa.open-in-view to disable this warning
2021-10-28 10:10:21,783 INFO springfox.documentation.spring.web.PropertySourcedRequestMappingHandlerMapping [restartedMain] Mapped URL path [/v2/api-docs] onto method [springfox.documentation.swagger2.web.Swagger2Controller#getDocumentation(String, HttpServletRequest)]
2021-10-28 10:10:21,848 INFO org.springframework.boot.devtools.autoconfigure.OptionalLiveReloadServer [restartedMain] LiveReload server is running on port 35729
2021-10-28 10:10:21,905 INFO org.apache.juli.logging.DirectJDKLog [restartedMain] Starting ProtocolHandler ["http-nio-8086"]
2021-10-28 10:10:21,906 INFO org.springframework.boot.web.embedded.tomcat.TomcatWebServer [restartedMain] Tomcat started on port(s): 8086 (http) with context path ''
2021-10-28 10:10:21,907 INFO springfox.documentation.spring.web.plugins.DocumentationPluginsBootstrapper [restartedMain] Context refreshed
2021-10-28 10:10:21,908 INFO springfox.documentation.spring.web.plugins.DocumentationPluginsBootstrapper [restartedMain] Found 1 custom documentation plugin(s)
2021-10-28 10:10:21,912 INFO springfox.documentation.spring.web.scanners.ApiListingReferenceScanner [restartedMain] Scanning for api listing references
2021-10-28 10:10:21,981 INFO springfox.documentation.spring.web.readers.operation.CachingOperationNameGenerator [restartedMain] Generating unique operation named: getDepartmentUsingGET_1
2021-10-28 10:10:22,012 INFO org.springframework.boot.StartupInfoLogger [restartedMain] Started AssignmentApplication in 1.24 seconds (JVM running for 72.801)
2021-10-28 10:10:22,014 INFO org.springframework.boot.devtools.autoconfigure.ConditionEvaluationDeltaLoggingListener [restartedMain] Condition evaluation unchanged
2021-10-28 10:10:26,863 INFO org.apache.juli.logging.DirectJDKLog [http-nio-8086-exec-2] Initializing Spring DispatcherServlet 'dispatcherServlet'
2021-10-28 10:10:26,864 INFO org.springframework.web.servlet.FrameworkServlet [http-nio-8086-exec-2] Initializing Servlet 'dispatcherServlet'
2021-10-28 10:10:26,865 INFO org.springframework.web.servlet.FrameworkServlet [http-nio-8086-exec-2] Completed initialization in 1 ms
2021-10-28 10:10:26,866 INFO com.assignment.controller.EmployeeController [http-nio-8086-exec-2] Entry::  Get all Employees details
2021-10-28 10:43:02,706 INFO org.springframework.orm.jpa.AbstractEntityManagerFactoryBean [Thread-7] Closing JPA EntityManagerFactory for persistence unit 'default'
2021-10-28 10:43:02,708 INFO com.zaxxer.hikari.HikariDataSource [Thread-7] HikariPool-2 - Shutdown initiated...
2021-10-28 10:43:02,716 INFO com.zaxxer.hikari.HikariDataSource [Thread-7] HikariPool-2 - Shutdown completed.
2021-10-28 10:43:02,866 INFO org.springframework.boot.StartupInfoLogger [restartedMain] Starting AssignmentApplication using Java 16.0.2 on daffolap865-ThinkPad-L480 with PID 11835 (/home/daffolap-865/Documents/project/assignment/target/classes started by daffolap-865 in /home/daffolap-865/Documents/project/assignment)
2021-10-28 10:43:02,866 INFO org.springframework.boot.SpringApplication [restartedMain] No active profile set, falling back to default profiles: default
2021-10-28 10:43:03,135 INFO org.springframework.data.repository.config.RepositoryConfigurationDelegate [restartedMain] Bootstrapping Spring Data JPA repositories in DEFAULT mode.
2021-10-28 10:43:03,143 INFO org.springframework.data.repository.config.RepositoryConfigurationDelegate [restartedMain] Finished Spring Data repository scanning in 7 ms. Found 2 JPA repository interfaces.
2021-10-28 10:43:03,254 INFO org.springframework.boot.web.embedded.tomcat.TomcatWebServer [restartedMain] Tomcat initialized with port(s): 8086 (http)
2021-10-28 10:43:03,254 INFO org.apache.juli.logging.DirectJDKLog [restartedMain] Initializing ProtocolHandler ["http-nio-8086"]
2021-10-28 10:43:03,255 INFO org.apache.juli.logging.DirectJDKLog [restartedMain] Starting service [Tomcat]
2021-10-28 10:43:03,255 INFO org.apache.juli.logging.DirectJDKLog [restartedMain] Starting Servlet engine: [Apache Tomcat/9.0.53]
2021-10-28 10:43:03,265 INFO org.apache.juli.logging.DirectJDKLog [restartedMain] Initializing Spring embedded WebApplicationContext
2021-10-28 10:43:03,265 INFO org.springframework.boot.web.servlet.context.ServletWebServerApplicationContext [restartedMain] Root WebApplicationContext: initialization completed in 395 ms
2021-10-28 10:43:03,319 INFO org.hibernate.jpa.internal.util.LogHelper [restartedMain] HHH000204: Processing PersistenceUnitInfo [name: default]
2021-10-28 10:43:03,323 INFO com.zaxxer.hikari.HikariDataSource [restartedMain] HikariPool-3 - Starting...
2021-10-28 10:43:03,342 INFO com.zaxxer.hikari.HikariDataSource [restartedMain] HikariPool-3 - Start completed.
2021-10-28 10:43:03,343 INFO org.hibernate.dialect.Dialect [restartedMain] HHH000400: Using dialect: org.hibernate.dialect.MySQL57InnoDBDialect
2021-10-28 10:43:03,405 INFO org.hibernate.engine.transaction.jta.platform.internal.JtaPlatformInitiator [restartedMain] HHH000490: Using JtaPlatform implementation: [org.hibernate.engine.transaction.jta.platform.internal.NoJtaPlatform]
2021-10-28 10:43:03,405 INFO org.springframework.orm.jpa.AbstractEntityManagerFactoryBean [restartedMain] Initialized JPA EntityManagerFactory for persistence unit 'default'
2021-10-28 10:43:03,581 WARN org.springframework.boot.autoconfigure.orm.jpa.JpaBaseConfiguration$JpaWebConfiguration [restartedMain] spring.jpa.open-in-view is enabled by default. Therefore, database queries may be performed during view rendering. Explicitly configure spring.jpa.open-in-view to disable this warning
2021-10-28 10:43:03,619 INFO springfox.documentation.spring.web.PropertySourcedRequestMappingHandlerMapping [restartedMain] Mapped URL path [/v2/api-docs] onto method [springfox.documentation.swagger2.web.Swagger2Controller#getDocumentation(String, HttpServletRequest)]
2021-10-28 10:43:03,681 INFO org.springframework.boot.devtools.autoconfigure.OptionalLiveReloadServer [restartedMain] LiveReload server is running on port 35729
2021-10-28 10:43:03,727 INFO org.apache.juli.logging.DirectJDKLog [restartedMain] Starting ProtocolHandler ["http-nio-8086"]
2021-10-28 10:43:03,728 INFO org.springframework.boot.web.embedded.tomcat.TomcatWebServer [restartedMain] Tomcat started on port(s): 8086 (http) with context path ''
2021-10-28 10:43:03,729 INFO springfox.documentation.spring.web.plugins.DocumentationPluginsBootstrapper [restartedMain] Context refreshed
2021-10-28 10:43:03,730 INFO springfox.documentation.spring.web.plugins.DocumentationPluginsBootstrapper [restartedMain] Found 1 custom documentation plugin(s)
2021-10-28 10:43:03,733 INFO springfox.documentation.spring.web.scanners.ApiListingReferenceScanner [restartedMain] Scanning for api listing references
2021-10-28 10:43:03,794 INFO springfox.documentation.spring.web.readers.operation.CachingOperationNameGenerator [restartedMain] Generating unique operation named: getDepartmentUsingGET_1
2021-10-28 10:43:03,821 INFO org.springframework.boot.StartupInfoLogger [restartedMain] Started AssignmentApplication in 0.993 seconds (JVM running for 2034.611)
2021-10-28 10:43:03,823 INFO org.springframework.boot.devtools.autoconfigure.ConditionEvaluationDeltaLoggingListener [restartedMain] Condition evaluation unchanged
2021-10-28 10:43:08,909 INFO org.apache.juli.logging.DirectJDKLog [http-nio-8086-exec-2] Initializing Spring DispatcherServlet 'dispatcherServlet'
2021-10-28 10:43:08,909 INFO org.springframework.web.servlet.FrameworkServlet [http-nio-8086-exec-2] Initializing Servlet 'dispatcherServlet'
2021-10-28 10:43:08,910 INFO org.springframework.web.servlet.FrameworkServlet [http-nio-8086-exec-2] Completed initialization in 1 ms
2021-10-28 10:43:08,911 INFO com.assignment.controller.EmployeeController [http-nio-8086-exec-2] Entry::  Get all Employees details
2021-10-28 10:43:08,930 WARN org.springframework.web.servlet.handler.AbstractHandlerExceptionResolver [http-nio-8086-exec-2] Resolved [CustomException(message=null, details=Error processing the request!, hint=Exception from get Employee, nextActions=Ask your friends for access at https://www.unthinkable.co/, support=Reach out to https://www.unthinkable.co/web-mobile-application-development/ for more help)]
2021-10-28 10:43:27,190 INFO org.springframework.orm.jpa.AbstractEntityManagerFactoryBean [Thread-11] Closing JPA EntityManagerFactory for persistence unit 'default'
2021-10-28 10:43:27,192 INFO com.zaxxer.hikari.HikariDataSource [Thread-11] HikariPool-3 - Shutdown initiated...
2021-10-28 10:43:27,200 INFO com.zaxxer.hikari.HikariDataSource [Thread-11] HikariPool-3 - Shutdown completed.
2021-10-28 10:43:27,297 INFO org.springframework.boot.StartupInfoLogger [restartedMain] Starting AssignmentApplication using Java 16.0.2 on daffolap865-ThinkPad-L480 with PID 11835 (/home/daffolap-865/Documents/project/assignment/target/classes started by daffolap-865 in /home/daffolap-865/Documents/project/assignment)
2021-10-28 10:43:27,297 INFO org.springframework.boot.SpringApplication [restartedMain] No active profile set, falling back to default profiles: default
2021-10-28 10:43:27,519 INFO org.springframework.data.repository.config.RepositoryConfigurationDelegate [restartedMain] Bootstrapping Spring Data JPA repositories in DEFAULT mode.
2021-10-28 10:43:27,526 INFO org.springframework.data.repository.config.RepositoryConfigurationDelegate [restartedMain] Finished Spring Data repository scanning in 7 ms. Found 2 JPA repository interfaces.
2021-10-28 10:43:27,628 INFO org.springframework.boot.web.embedded.tomcat.TomcatWebServer [restartedMain] Tomcat initialized with port(s): 8086 (http)
2021-10-28 10:43:27,629 INFO org.apache.juli.logging.DirectJDKLog [restartedMain] Initializing ProtocolHandler ["http-nio-8086"]
2021-10-28 10:43:27,629 INFO org.apache.juli.logging.DirectJDKLog [restartedMain] Starting service [Tomcat]
2021-10-28 10:43:27,629 INFO org.apache.juli.logging.DirectJDKLog [restartedMain] Starting Servlet engine: [Apache Tomcat/9.0.53]
2021-10-28 10:43:27,638 INFO org.apache.juli.logging.DirectJDKLog [restartedMain] Initializing Spring embedded WebApplicationContext
2021-10-28 10:43:27,639 INFO org.springframework.boot.web.servlet.context.ServletWebServerApplicationContext [restartedMain] Root WebApplicationContext: initialization completed in 339 ms
2021-10-28 10:43:27,690 INFO org.hibernate.jpa.internal.util.LogHelper [restartedMain] HHH000204: Processing PersistenceUnitInfo [name: default]
2021-10-28 10:43:27,695 INFO com.zaxxer.hikari.HikariDataSource [restartedMain] HikariPool-4 - Starting...
2021-10-28 10:43:27,713 INFO com.zaxxer.hikari.HikariDataSource [restartedMain] HikariPool-4 - Start completed.
2021-10-28 10:43:27,714 INFO org.hibernate.dialect.Dialect [restartedMain] HHH000400: Using dialect: org.hibernate.dialect.MySQL57InnoDBDialect
2021-10-28 10:43:27,774 INFO org.hibernate.engine.transaction.jta.platform.internal.JtaPlatformInitiator [restartedMain] HHH000490: Using JtaPlatform implementation: [org.hibernate.engine.transaction.jta.platform.internal.NoJtaPlatform]
2021-10-28 10:43:27,775 INFO org.springframework.orm.jpa.AbstractEntityManagerFactoryBean [restartedMain] Initialized JPA EntityManagerFactory for persistence unit 'default'
2021-10-28 10:43:27,945 WARN org.springframework.boot.autoconfigure.orm.jpa.JpaBaseConfiguration$JpaWebConfiguration [restartedMain] spring.jpa.open-in-view is enabled by default. Therefore, database queries may be performed during view rendering. Explicitly configure spring.jpa.open-in-view to disable this warning
2021-10-28 10:43:27,986 INFO springfox.documentation.spring.web.PropertySourcedRequestMappingHandlerMapping [restartedMain] Mapped URL path [/v2/api-docs] onto method [springfox.documentation.swagger2.web.Swagger2Controller#getDocumentation(String, HttpServletRequest)]
2021-10-28 10:43:28,045 INFO org.springframework.boot.devtools.autoconfigure.OptionalLiveReloadServer [restartedMain] LiveReload server is running on port 35729
2021-10-28 10:43:28,116 INFO org.apache.juli.logging.DirectJDKLog [restartedMain] Starting ProtocolHandler ["http-nio-8086"]
2021-10-28 10:43:28,117 INFO org.springframework.boot.web.embedded.tomcat.TomcatWebServer [restartedMain] Tomcat started on port(s): 8086 (http) with context path ''
2021-10-28 10:43:28,119 INFO springfox.documentation.spring.web.plugins.DocumentationPluginsBootstrapper [restartedMain] Context refreshed
2021-10-28 10:43:28,120 INFO springfox.documentation.spring.web.plugins.DocumentationPluginsBootstrapper [restartedMain] Found 1 custom documentation plugin(s)
2021-10-28 10:43:28,124 INFO springfox.documentation.spring.web.scanners.ApiListingReferenceScanner [restartedMain] Scanning for api listing references
2021-10-28 10:43:28,189 INFO springfox.documentation.spring.web.readers.operation.CachingOperationNameGenerator [restartedMain] Generating unique operation named: getDepartmentUsingGET_1
2021-10-28 10:43:28,220 INFO org.springframework.boot.StartupInfoLogger [restartedMain] Started AssignmentApplication in 0.957 seconds (JVM running for 2059.009)
2021-10-28 10:43:28,223 INFO org.springframework.boot.devtools.autoconfigure.ConditionEvaluationDeltaLoggingListener [restartedMain] Condition evaluation unchanged
2021-10-28 10:45:04,744 INFO org.springframework.orm.jpa.AbstractEntityManagerFactoryBean [Thread-15] Closing JPA EntityManagerFactory for persistence unit 'default'
2021-10-28 10:45:04,745 INFO com.zaxxer.hikari.HikariDataSource [Thread-15] HikariPool-4 - Shutdown initiated...
2021-10-28 10:45:04,749 INFO com.zaxxer.hikari.HikariDataSource [Thread-15] HikariPool-4 - Shutdown completed.
2021-10-28 10:45:04,833 INFO org.springframework.boot.StartupInfoLogger [restartedMain] Starting AssignmentApplication using Java 16.0.2 on daffolap865-ThinkPad-L480 with PID 11835 (/home/daffolap-865/Documents/project/assignment/target/classes started by daffolap-865 in /home/daffolap-865/Documents/project/assignment)
2021-10-28 10:45:04,834 INFO org.springframework.boot.SpringApplication [restartedMain] No active profile set, falling back to default profiles: default
2021-10-28 10:45:05,063 INFO org.springframework.data.repository.config.RepositoryConfigurationDelegate [restartedMain] Bootstrapping Spring Data JPA repositories in DEFAULT mode.
2021-10-28 10:45:05,071 INFO org.springframework.data.repository.config.RepositoryConfigurationDelegate [restartedMain] Finished Spring Data repository scanning in 8 ms. Found 2 JPA repository interfaces.
2021-10-28 10:45:05,176 INFO org.springframework.boot.web.embedded.tomcat.TomcatWebServer [restartedMain] Tomcat initialized with port(s): 8086 (http)
2021-10-28 10:45:05,177 INFO org.apache.juli.logging.DirectJDKLog [restartedMain] Initializing ProtocolHandler ["http-nio-8086"]
2021-10-28 10:45:05,178 INFO org.apache.juli.logging.DirectJDKLog [restartedMain] Starting service [Tomcat]
2021-10-28 10:45:05,178 INFO org.apache.juli.logging.DirectJDKLog [restartedMain] Starting Servlet engine: [Apache Tomcat/9.0.53]
2021-10-28 10:45:05,187 INFO org.apache.juli.logging.DirectJDKLog [restartedMain] Initializing Spring embedded WebApplicationContext
2021-10-28 10:45:05,187 INFO org.springframework.boot.web.servlet.context.ServletWebServerApplicationContext [restartedMain] Root WebApplicationContext: initialization completed in 351 ms
2021-10-28 10:45:05,232 INFO org.hibernate.jpa.internal.util.LogHelper [restartedMain] HHH000204: Processing PersistenceUnitInfo [name: default]
2021-10-28 10:45:05,235 INFO com.zaxxer.hikari.HikariDataSource [restartedMain] HikariPool-5 - Starting...
2021-10-28 10:45:05,257 INFO com.zaxxer.hikari.HikariDataSource [restartedMain] HikariPool-5 - Start completed.
2021-10-28 10:45:05,257 INFO org.hibernate.dialect.Dialect [restartedMain] HHH000400: Using dialect: org.hibernate.dialect.MySQL57InnoDBDialect
2021-10-28 10:45:05,314 INFO org.hibernate.engine.transaction.jta.platform.internal.JtaPlatformInitiator [restartedMain] HHH000490: Using JtaPlatform implementation: [org.hibernate.engine.transaction.jta.platform.internal.NoJtaPlatform]
2021-10-28 10:45:05,314 INFO org.springframework.orm.jpa.AbstractEntityManagerFactoryBean [restartedMain] Initialized JPA EntityManagerFactory for persistence unit 'default'
2021-10-28 10:45:05,470 WARN org.springframework.boot.autoconfigure.orm.jpa.JpaBaseConfiguration$JpaWebConfiguration [restartedMain] spring.jpa.open-in-view is enabled by default. Therefore, database queries may be performed during view rendering. Explicitly configure spring.jpa.open-in-view to disable this warning
2021-10-28 10:45:05,503 INFO springfox.documentation.spring.web.PropertySourcedRequestMappingHandlerMapping [restartedMain] Mapped URL path [/v2/api-docs] onto method [springfox.documentation.swagger2.web.Swagger2Controller#getDocumentation(String, HttpServletRequest)]
2021-10-28 10:45:05,567 INFO org.springframework.boot.devtools.autoconfigure.OptionalLiveReloadServer [restartedMain] LiveReload server is running on port 35729
2021-10-28 10:45:05,615 INFO org.apache.juli.logging.DirectJDKLog [restartedMain] Starting ProtocolHandler ["http-nio-8086"]
2021-10-28 10:45:05,616 INFO org.springframework.boot.web.embedded.tomcat.TomcatWebServer [restartedMain] Tomcat started on port(s): 8086 (http) with context path ''
2021-10-28 10:45:05,617 INFO springfox.documentation.spring.web.plugins.DocumentationPluginsBootstrapper [restartedMain] Context refreshed
2021-10-28 10:45:05,618 INFO springfox.documentation.spring.web.plugins.DocumentationPluginsBootstrapper [restartedMain] Found 1 custom documentation plugin(s)
2021-10-28 10:45:05,621 INFO springfox.documentation.spring.web.scanners.ApiListingReferenceScanner [restartedMain] Scanning for api listing references
2021-10-28 10:45:05,672 INFO springfox.documentation.spring.web.readers.operation.CachingOperationNameGenerator [restartedMain] Generating unique operation named: getDepartmentUsingGET_1
2021-10-28 10:45:05,701 INFO org.springframework.boot.StartupInfoLogger [restartedMain] Started AssignmentApplication in 0.902 seconds (JVM running for 2156.491)
2021-10-28 10:45:05,703 INFO org.springframework.boot.devtools.autoconfigure.ConditionEvaluationDeltaLoggingListener [restartedMain] Condition evaluation unchanged
2021-10-28 10:45:24,817 INFO org.apache.juli.logging.DirectJDKLog [http-nio-8086-exec-2] Initializing Spring DispatcherServlet 'dispatcherServlet'
2021-10-28 10:45:24,818 INFO org.springframework.web.servlet.FrameworkServlet [http-nio-8086-exec-2] Initializing Servlet 'dispatcherServlet'
2021-10-28 10:45:24,819 INFO org.springframework.web.servlet.FrameworkServlet [http-nio-8086-exec-2] Completed initialization in 1 ms
2021-10-28 10:45:24,865 INFO com.assignment.controller.EmployeeController [http-nio-8086-exec-2] Entry:: Create Employee
2021-10-28 10:45:24,904 WARN org.springframework.web.servlet.handler.AbstractHandlerExceptionResolver [http-nio-8086-exec-2] Resolved [CustomException(message=null, details=Error processing the request!, hint=Exception from Create Employee, nextActions=Ask your friends for access at https://www.unthinkable.co/, support=Reach out to https://www.unthinkable.co/web-mobile-application-development/ for more help)]
2021-10-28 10:45:42,112 INFO org.springframework.orm.jpa.AbstractEntityManagerFactoryBean [Thread-19] Closing JPA EntityManagerFactory for persistence unit 'default'
2021-10-28 10:45:42,114 INFO com.zaxxer.hikari.HikariDataSource [Thread-19] HikariPool-5 - Shutdown initiated...
2021-10-28 10:45:42,122 INFO com.zaxxer.hikari.HikariDataSource [Thread-19] HikariPool-5 - Shutdown completed.
2021-10-28 10:45:42,222 INFO org.springframework.boot.StartupInfoLogger [restartedMain] Starting AssignmentApplication using Java 16.0.2 on daffolap865-ThinkPad-L480 with PID 11835 (/home/daffolap-865/Documents/project/assignment/target/classes started by daffolap-865 in /home/daffolap-865/Documents/project/assignment)
2021-10-28 10:45:42,223 INFO org.springframework.boot.SpringApplication [restartedMain] No active profile set, falling back to default profiles: default
2021-10-28 10:45:42,451 INFO org.springframework.data.repository.config.RepositoryConfigurationDelegate [restartedMain] Bootstrapping Spring Data JPA repositories in DEFAULT mode.
2021-10-28 10:45:42,459 INFO org.springframework.data.repository.config.RepositoryConfigurationDelegate [restartedMain] Finished Spring Data repository scanning in 7 ms. Found 2 JPA repository interfaces.
2021-10-28 10:45:42,567 INFO org.springframework.boot.web.embedded.tomcat.TomcatWebServer [restartedMain] Tomcat initialized with port(s): 8086 (http)
2021-10-28 10:45:42,567 INFO org.apache.juli.logging.DirectJDKLog [restartedMain] Initializing ProtocolHandler ["http-nio-8086"]
2021-10-28 10:45:42,568 INFO org.apache.juli.logging.DirectJDKLog [restartedMain] Starting service [Tomcat]
2021-10-28 10:45:42,568 INFO org.apache.juli.logging.DirectJDKLog [restartedMain] Starting Servlet engine: [Apache Tomcat/9.0.53]
2021-10-28 10:45:42,576 INFO org.apache.juli.logging.DirectJDKLog [restartedMain] Initializing Spring embedded WebApplicationContext
2021-10-28 10:45:42,577 INFO org.springframework.boot.web.servlet.context.ServletWebServerApplicationContext [restartedMain] Root WebApplicationContext: initialization completed in 352 ms
2021-10-28 10:45:42,620 INFO org.hibernate.jpa.internal.util.LogHelper [restartedMain] HHH000204: Processing PersistenceUnitInfo [name: default]
2021-10-28 10:45:42,626 INFO com.zaxxer.hikari.HikariDataSource [restartedMain] HikariPool-6 - Starting...
2021-10-28 10:45:42,643 INFO com.zaxxer.hikari.HikariDataSource [restartedMain] HikariPool-6 - Start completed.
2021-10-28 10:45:42,643 INFO org.hibernate.dialect.Dialect [restartedMain] HHH000400: Using dialect: org.hibernate.dialect.MySQL57InnoDBDialect
2021-10-28 10:45:42,705 INFO org.hibernate.engine.transaction.jta.platform.internal.JtaPlatformInitiator [restartedMain] HHH000490: Using JtaPlatform implementation: [org.hibernate.engine.transaction.jta.platform.internal.NoJtaPlatform]
2021-10-28 10:45:42,705 INFO org.springframework.orm.jpa.AbstractEntityManagerFactoryBean [restartedMain] Initialized JPA EntityManagerFactory for persistence unit 'default'
2021-10-28 10:45:42,851 WARN org.springframework.boot.autoconfigure.orm.jpa.JpaBaseConfiguration$JpaWebConfiguration [restartedMain] spring.jpa.open-in-view is enabled by default. Therefore, database queries may be performed during view rendering. Explicitly configure spring.jpa.open-in-view to disable this warning
2021-10-28 10:45:42,882 INFO springfox.documentation.spring.web.PropertySourcedRequestMappingHandlerMapping [restartedMain] Mapped URL path [/v2/api-docs] onto method [springfox.documentation.swagger2.web.Swagger2Controller#getDocumentation(String, HttpServletRequest)]
2021-10-28 10:45:42,944 INFO org.springframework.boot.devtools.autoconfigure.OptionalLiveReloadServer [restartedMain] LiveReload server is running on port 35729
2021-10-28 10:45:42,999 INFO org.apache.juli.logging.DirectJDKLog [restartedMain] Starting ProtocolHandler ["http-nio-8086"]
2021-10-28 10:45:43,000 INFO org.springframework.boot.web.embedded.tomcat.TomcatWebServer [restartedMain] Tomcat started on port(s): 8086 (http) with context path ''
2021-10-28 10:45:43,001 INFO springfox.documentation.spring.web.plugins.DocumentationPluginsBootstrapper [restartedMain] Context refreshed
2021-10-28 10:45:43,002 INFO springfox.documentation.spring.web.plugins.DocumentationPluginsBootstrapper [restartedMain] Found 1 custom documentation plugin(s)
2021-10-28 10:45:43,005 INFO springfox.documentation.spring.web.scanners.ApiListingReferenceScanner [restartedMain] Scanning for api listing references
2021-10-28 10:45:43,064 INFO springfox.documentation.spring.web.readers.operation.CachingOperationNameGenerator [restartedMain] Generating unique operation named: getDepartmentUsingGET_1
2021-10-28 10:45:43,089 INFO org.springframework.boot.StartupInfoLogger [restartedMain] Started AssignmentApplication in 0.899 seconds (JVM running for 2193.878)
2021-10-28 10:45:43,090 INFO org.springframework.boot.devtools.autoconfigure.ConditionEvaluationDeltaLoggingListener [restartedMain] Condition evaluation unchanged
2021-10-28 10:49:07,861 INFO org.springframework.orm.jpa.AbstractEntityManagerFactoryBean [Thread-23] Closing JPA EntityManagerFactory for persistence unit 'default'
2021-10-28 10:49:07,863 INFO com.zaxxer.hikari.HikariDataSource [Thread-23] HikariPool-6 - Shutdown initiated...
2021-10-28 10:49:07,870 INFO com.zaxxer.hikari.HikariDataSource [Thread-23] HikariPool-6 - Shutdown completed.
2021-10-28 10:49:07,983 INFO org.springframework.boot.StartupInfoLogger [restartedMain] Starting AssignmentApplication using Java 16.0.2 on daffolap865-ThinkPad-L480 with PID 11835 (/home/daffolap-865/Documents/project/assignment/target/classes started by daffolap-865 in /home/daffolap-865/Documents/project/assignment)
2021-10-28 10:49:07,983 INFO org.springframework.boot.SpringApplication [restartedMain] No active profile set, falling back to default profiles: default
2021-10-28 10:49:08,212 INFO org.springframework.data.repository.config.RepositoryConfigurationDelegate [restartedMain] Bootstrapping Spring Data JPA repositories in DEFAULT mode.
2021-10-28 10:49:08,221 INFO org.springframework.data.repository.config.RepositoryConfigurationDelegate [restartedMain] Finished Spring Data repository scanning in 8 ms. Found 2 JPA repository interfaces.
2021-10-28 10:49:08,322 INFO org.springframework.boot.web.embedded.tomcat.TomcatWebServer [restartedMain] Tomcat initialized with port(s): 8086 (http)
2021-10-28 10:49:08,323 INFO org.apache.juli.logging.DirectJDKLog [restartedMain] Initializing ProtocolHandler ["http-nio-8086"]
2021-10-28 10:49:08,323 INFO org.apache.juli.logging.DirectJDKLog [restartedMain] Starting service [Tomcat]
2021-10-28 10:49:08,324 INFO org.apache.juli.logging.DirectJDKLog [restartedMain] Starting Servlet engine: [Apache Tomcat/9.0.53]
2021-10-28 10:49:08,332 INFO org.apache.juli.logging.DirectJDKLog [restartedMain] Initializing Spring embedded WebApplicationContext
2021-10-28 10:49:08,333 INFO org.springframework.boot.web.servlet.context.ServletWebServerApplicationContext [restartedMain] Root WebApplicationContext: initialization completed in 347 ms
2021-10-28 10:49:08,379 INFO org.hibernate.jpa.internal.util.LogHelper [restartedMain] HHH000204: Processing PersistenceUnitInfo [name: default]
2021-10-28 10:49:08,383 INFO com.zaxxer.hikari.HikariDataSource [restartedMain] HikariPool-7 - Starting...
2021-10-28 10:49:08,398 INFO com.zaxxer.hikari.HikariDataSource [restartedMain] HikariPool-7 - Start completed.
2021-10-28 10:49:08,399 INFO org.hibernate.dialect.Dialect [restartedMain] HHH000400: Using dialect: org.hibernate.dialect.MySQL57InnoDBDialect
2021-10-28 10:49:08,450 INFO org.hibernate.engine.transaction.jta.platform.internal.JtaPlatformInitiator [restartedMain] HHH000490: Using JtaPlatform implementation: [org.hibernate.engine.transaction.jta.platform.internal.NoJtaPlatform]
2021-10-28 10:49:08,450 INFO org.springframework.orm.jpa.AbstractEntityManagerFactoryBean [restartedMain] Initialized JPA EntityManagerFactory for persistence unit 'default'
2021-10-28 10:49:08,623 WARN org.springframework.boot.autoconfigure.orm.jpa.JpaBaseConfiguration$JpaWebConfiguration [restartedMain] spring.jpa.open-in-view is enabled by default. Therefore, database queries may be performed during view rendering. Explicitly configure spring.jpa.open-in-view to disable this warning
2021-10-28 10:49:08,658 INFO springfox.documentation.spring.web.PropertySourcedRequestMappingHandlerMapping [restartedMain] Mapped URL path [/v2/api-docs] onto method [springfox.documentation.swagger2.web.Swagger2Controller#getDocumentation(String, HttpServletRequest)]
2021-10-28 10:49:08,719 INFO org.springframework.boot.devtools.autoconfigure.OptionalLiveReloadServer [restartedMain] LiveReload server is running on port 35729
2021-10-28 10:49:08,806 INFO org.apache.juli.logging.DirectJDKLog [restartedMain] Starting ProtocolHandler ["http-nio-8086"]
2021-10-28 10:49:08,809 INFO org.springframework.boot.web.embedded.tomcat.TomcatWebServer [restartedMain] Tomcat started on port(s): 8086 (http) with context path ''
2021-10-28 10:49:08,810 INFO springfox.documentation.spring.web.plugins.DocumentationPluginsBootstrapper [restartedMain] Context refreshed
2021-10-28 10:49:08,811 INFO springfox.documentation.spring.web.plugins.DocumentationPluginsBootstrapper [restartedMain] Found 1 custom documentation plugin(s)
2021-10-28 10:49:08,816 INFO springfox.documentation.spring.web.scanners.ApiListingReferenceScanner [restartedMain] Scanning for api listing references
2021-10-28 10:49:08,918 INFO springfox.documentation.spring.web.readers.operation.CachingOperationNameGenerator [restartedMain] Generating unique operation named: getDepartmentUsingGET_1
2021-10-28 10:49:08,951 INFO org.springframework.boot.StartupInfoLogger [restartedMain] Started AssignmentApplication in 1.008 seconds (JVM running for 2399.74)
2021-10-28 10:49:08,954 INFO org.springframework.boot.devtools.autoconfigure.ConditionEvaluationDeltaLoggingListener [restartedMain] Condition evaluation unchanged
2021-10-28 10:49:10,217 INFO org.springframework.orm.jpa.AbstractEntityManagerFactoryBean [Thread-27] Closing JPA EntityManagerFactory for persistence unit 'default'
2021-10-28 10:49:10,218 INFO com.zaxxer.hikari.HikariDataSource [Thread-27] HikariPool-7 - Shutdown initiated...
2021-10-28 10:49:10,233 INFO com.zaxxer.hikari.HikariDataSource [Thread-27] HikariPool-7 - Shutdown completed.
2021-10-28 10:49:10,326 INFO org.springframework.boot.StartupInfoLogger [restartedMain] Starting AssignmentApplication using Java 16.0.2 on daffolap865-ThinkPad-L480 with PID 11835 (/home/daffolap-865/Documents/project/assignment/target/classes started by daffolap-865 in /home/daffolap-865/Documents/project/assignment)
2021-10-28 10:49:10,326 INFO org.springframework.boot.SpringApplication [restartedMain] No active profile set, falling back to default profiles: default
2021-10-28 10:49:10,527 INFO org.springframework.data.repository.config.RepositoryConfigurationDelegate [restartedMain] Bootstrapping Spring Data JPA repositories in DEFAULT mode.
2021-10-28 10:49:10,535 INFO org.springframework.data.repository.config.RepositoryConfigurationDelegate [restartedMain] Finished Spring Data repository scanning in 7 ms. Found 2 JPA repository interfaces.
2021-10-28 10:49:10,624 INFO org.springframework.boot.web.embedded.tomcat.TomcatWebServer [restartedMain] Tomcat initialized with port(s): 8086 (http)
2021-10-28 10:49:10,625 INFO org.apache.juli.logging.DirectJDKLog [restartedMain] Initializing ProtocolHandler ["http-nio-8086"]
2021-10-28 10:49:10,625 INFO org.apache.juli.logging.DirectJDKLog [restartedMain] Starting service [Tomcat]
2021-10-28 10:49:10,625 INFO org.apache.juli.logging.DirectJDKLog [restartedMain] Starting Servlet engine: [Apache Tomcat/9.0.53]
2021-10-28 10:49:10,632 INFO org.apache.juli.logging.DirectJDKLog [restartedMain] Initializing Spring embedded WebApplicationContext
2021-10-28 10:49:10,633 INFO org.springframework.boot.web.servlet.context.ServletWebServerApplicationContext [restartedMain] Root WebApplicationContext: initialization completed in 305 ms
2021-10-28 10:49:10,675 INFO org.hibernate.jpa.internal.util.LogHelper [restartedMain] HHH000204: Processing PersistenceUnitInfo [name: default]
2021-10-28 10:49:10,678 INFO com.zaxxer.hikari.HikariDataSource [restartedMain] HikariPool-8 - Starting...
2021-10-28 10:49:10,692 INFO com.zaxxer.hikari.HikariDataSource [restartedMain] HikariPool-8 - Start completed.
2021-10-28 10:49:10,693 INFO org.hibernate.dialect.Dialect [restartedMain] HHH000400: Using dialect: org.hibernate.dialect.MySQL57InnoDBDialect
2021-10-28 10:49:10,750 INFO org.hibernate.engine.transaction.jta.platform.internal.JtaPlatformInitiator [restartedMain] HHH000490: Using JtaPlatform implementation: [org.hibernate.engine.transaction.jta.platform.internal.NoJtaPlatform]
2021-10-28 10:49:10,751 INFO org.springframework.orm.jpa.AbstractEntityManagerFactoryBean [restartedMain] Initialized JPA EntityManagerFactory for persistence unit 'default'
2021-10-28 10:49:10,894 WARN org.springframework.boot.autoconfigure.orm.jpa.JpaBaseConfiguration$JpaWebConfiguration [restartedMain] spring.jpa.open-in-view is enabled by default. Therefore, database queries may be performed during view rendering. Explicitly configure spring.jpa.open-in-view to disable this warning
2021-10-28 10:49:10,930 INFO springfox.documentation.spring.web.PropertySourcedRequestMappingHandlerMapping [restartedMain] Mapped URL path [/v2/api-docs] onto method [springfox.documentation.swagger2.web.Swagger2Controller#getDocumentation(String, HttpServletRequest)]
2021-10-28 10:49:10,971 INFO org.springframework.boot.devtools.autoconfigure.OptionalLiveReloadServer [restartedMain] LiveReload server is running on port 35729
2021-10-28 10:49:11,039 INFO org.apache.juli.logging.DirectJDKLog [restartedMain] Starting ProtocolHandler ["http-nio-8086"]
2021-10-28 10:49:11,040 INFO org.springframework.boot.web.embedded.tomcat.TomcatWebServer [restartedMain] Tomcat started on port(s): 8086 (http) with context path ''
2021-10-28 10:49:11,041 INFO springfox.documentation.spring.web.plugins.DocumentationPluginsBootstrapper [restartedMain] Context refreshed
2021-10-28 10:49:11,041 INFO springfox.documentation.spring.web.plugins.DocumentationPluginsBootstrapper [restartedMain] Found 1 custom documentation plugin(s)
2021-10-28 10:49:11,044 INFO springfox.documentation.spring.web.scanners.ApiListingReferenceScanner [restartedMain] Scanning for api listing references
2021-10-28 10:49:11,100 INFO springfox.documentation.spring.web.readers.operation.CachingOperationNameGenerator [restartedMain] Generating unique operation named: getDepartmentUsingGET_1
2021-10-28 10:49:11,124 INFO org.springframework.boot.StartupInfoLogger [restartedMain] Started AssignmentApplication in 0.83 seconds (JVM running for 2401.914)
2021-10-28 10:49:11,126 INFO org.springframework.boot.devtools.autoconfigure.ConditionEvaluationDeltaLoggingListener [restartedMain] Condition evaluation unchanged
2021-10-28 10:49:49,524 INFO org.springframework.orm.jpa.AbstractEntityManagerFactoryBean [Thread-31] Closing JPA EntityManagerFactory for persistence unit 'default'
2021-10-28 10:49:49,525 INFO com.zaxxer.hikari.HikariDataSource [Thread-31] HikariPool-8 - Shutdown initiated...
2021-10-28 10:49:49,527 INFO com.zaxxer.hikari.HikariDataSource [Thread-31] HikariPool-8 - Shutdown completed.
2021-10-28 10:49:49,611 INFO org.springframework.boot.StartupInfoLogger [restartedMain] Starting AssignmentApplication using Java 16.0.2 on daffolap865-ThinkPad-L480 with PID 11835 (/home/daffolap-865/Documents/project/assignment/target/classes started by daffolap-865 in /home/daffolap-865/Documents/project/assignment)
2021-10-28 10:49:49,611 INFO org.springframework.boot.SpringApplication [restartedMain] No active profile set, falling back to default profiles: default
2021-10-28 10:49:49,806 INFO org.springframework.data.repository.config.RepositoryConfigurationDelegate [restartedMain] Bootstrapping Spring Data JPA repositories in DEFAULT mode.
2021-10-28 10:49:49,812 INFO org.springframework.data.repository.config.RepositoryConfigurationDelegate [restartedMain] Finished Spring Data repository scanning in 6 ms. Found 2 JPA repository interfaces.
2021-10-28 10:49:49,899 INFO org.springframework.boot.web.embedded.tomcat.TomcatWebServer [restartedMain] Tomcat initialized with port(s): 8086 (http)
2021-10-28 10:49:49,899 INFO org.apache.juli.logging.DirectJDKLog [restartedMain] Initializing ProtocolHandler ["http-nio-8086"]
2021-10-28 10:49:49,899 INFO org.apache.juli.logging.DirectJDKLog [restartedMain] Starting service [Tomcat]
2021-10-28 10:49:49,899 INFO org.apache.juli.logging.DirectJDKLog [restartedMain] Starting Servlet engine: [Apache Tomcat/9.0.53]
2021-10-28 10:49:49,907 INFO org.apache.juli.logging.DirectJDKLog [restartedMain] Initializing Spring embedded WebApplicationContext
2021-10-28 10:49:49,907 INFO org.springframework.boot.web.servlet.context.ServletWebServerApplicationContext [restartedMain] Root WebApplicationContext: initialization completed in 294 ms
2021-10-28 10:49:49,945 INFO org.hibernate.jpa.internal.util.LogHelper [restartedMain] HHH000204: Processing PersistenceUnitInfo [name: default]
2021-10-28 10:49:49,948 INFO com.zaxxer.hikari.HikariDataSource [restartedMain] HikariPool-9 - Starting...
2021-10-28 10:49:49,964 INFO com.zaxxer.hikari.HikariDataSource [restartedMain] HikariPool-9 - Start completed.
2021-10-28 10:49:49,965 INFO org.hibernate.dialect.Dialect [restartedMain] HHH000400: Using dialect: org.hibernate.dialect.MySQL57InnoDBDialect
2021-10-28 10:49:50,009 INFO org.hibernate.engine.transaction.jta.platform.internal.JtaPlatformInitiator [restartedMain] HHH000490: Using JtaPlatform implementation: [org.hibernate.engine.transaction.jta.platform.internal.NoJtaPlatform]
2021-10-28 10:49:50,010 INFO org.springframework.orm.jpa.AbstractEntityManagerFactoryBean [restartedMain] Initialized JPA EntityManagerFactory for persistence unit 'default'
2021-10-28 10:49:50,141 WARN org.springframework.boot.autoconfigure.orm.jpa.JpaBaseConfiguration$JpaWebConfiguration [restartedMain] spring.jpa.open-in-view is enabled by default. Therefore, database queries may be performed during view rendering. Explicitly configure spring.jpa.open-in-view to disable this warning
2021-10-28 10:49:50,170 INFO springfox.documentation.spring.web.PropertySourcedRequestMappingHandlerMapping [restartedMain] Mapped URL path [/v2/api-docs] onto method [springfox.documentation.swagger2.web.Swagger2Controller#getDocumentation(String, HttpServletRequest)]
2021-10-28 10:49:50,215 INFO org.springframework.boot.devtools.autoconfigure.OptionalLiveReloadServer [restartedMain] LiveReload server is running on port 35729
2021-10-28 10:49:50,259 INFO org.apache.juli.logging.DirectJDKLog [restartedMain] Starting ProtocolHandler ["http-nio-8086"]
2021-10-28 10:49:50,260 INFO org.springframework.boot.web.embedded.tomcat.TomcatWebServer [restartedMain] Tomcat started on port(s): 8086 (http) with context path ''
2021-10-28 10:49:50,260 INFO springfox.documentation.spring.web.plugins.DocumentationPluginsBootstrapper [restartedMain] Context refreshed
2021-10-28 10:49:50,261 INFO springfox.documentation.spring.web.plugins.DocumentationPluginsBootstrapper [restartedMain] Found 1 custom documentation plugin(s)
2021-10-28 10:49:50,264 INFO springfox.documentation.spring.web.scanners.ApiListingReferenceScanner [restartedMain] Scanning for api listing references
2021-10-28 10:49:50,314 INFO springfox.documentation.spring.web.readers.operation.CachingOperationNameGenerator [restartedMain] Generating unique operation named: getDepartmentUsingGET_1
2021-10-28 10:49:50,337 INFO org.springframework.boot.StartupInfoLogger [restartedMain] Started AssignmentApplication in 0.756 seconds (JVM running for 2441.126)
2021-10-28 10:49:50,338 INFO org.springframework.boot.devtools.autoconfigure.ConditionEvaluationDeltaLoggingListener [restartedMain] Condition evaluation unchanged
2021-10-28 10:50:05,426 INFO org.apache.juli.logging.DirectJDKLog [http-nio-8086-exec-2] Initializing Spring DispatcherServlet 'dispatcherServlet'
2021-10-28 10:50:05,426 INFO org.springframework.web.servlet.FrameworkServlet [http-nio-8086-exec-2] Initializing Servlet 'dispatcherServlet'
2021-10-28 10:50:05,428 INFO org.springframework.web.servlet.FrameworkServlet [http-nio-8086-exec-2] Completed initialization in 1 ms
2021-10-28 10:50:05,432 INFO com.assignment.controller.EmployeeController [http-nio-8086-exec-2] Entry:: Delete Employee
2021-10-28 10:50:15,251 INFO com.assignment.controller.EmployeeController [http-nio-8086-exec-3] Entry:: Delete Employee
2021-10-28 10:50:15,260 WARN org.springframework.web.servlet.handler.AbstractHandlerExceptionResolver [http-nio-8086-exec-3] Resolved [CustomException(message=null, details=Error processing the request!, hint=Exception from delete Employee, nextActions=Ask your friends for access at https://www.unthinkable.co/, support=Reach out to https://www.unthinkable.co/web-mobile-application-development/ for more help)]
2021-10-28 10:50:32,754 INFO org.springframework.orm.jpa.AbstractEntityManagerFactoryBean [Thread-35] Closing JPA EntityManagerFactory for persistence unit 'default'
2021-10-28 10:50:32,754 INFO com.zaxxer.hikari.HikariDataSource [Thread-35] HikariPool-9 - Shutdown initiated...
2021-10-28 10:50:32,757 INFO com.zaxxer.hikari.HikariDataSource [Thread-35] HikariPool-9 - Shutdown completed.
2021-10-28 10:50:32,856 INFO org.springframework.boot.StartupInfoLogger [restartedMain] Starting AssignmentApplication using Java 16.0.2 on daffolap865-ThinkPad-L480 with PID 11835 (/home/daffolap-865/Documents/project/assignment/target/classes started by daffolap-865 in /home/daffolap-865/Documents/project/assignment)
2021-10-28 10:50:32,857 INFO org.springframework.boot.SpringApplication [restartedMain] No active profile set, falling back to default profiles: default
2021-10-28 10:50:33,083 INFO org.springframework.data.repository.config.RepositoryConfigurationDelegate [restartedMain] Bootstrapping Spring Data JPA repositories in DEFAULT mode.
2021-10-28 10:50:33,093 INFO org.springframework.data.repository.config.RepositoryConfigurationDelegate [restartedMain] Finished Spring Data repository scanning in 9 ms. Found 2 JPA repository interfaces.
2021-10-28 10:50:33,201 INFO org.springframework.boot.web.embedded.tomcat.TomcatWebServer [restartedMain] Tomcat initialized with port(s): 8086 (http)
2021-10-28 10:50:33,201 INFO org.apache.juli.logging.DirectJDKLog [restartedMain] Initializing ProtocolHandler ["http-nio-8086"]
2021-10-28 10:50:33,202 INFO org.apache.juli.logging.DirectJDKLog [restartedMain] Starting service [Tomcat]
2021-10-28 10:50:33,202 INFO org.apache.juli.logging.DirectJDKLog [restartedMain] Starting Servlet engine: [Apache Tomcat/9.0.53]
2021-10-28 10:50:33,211 INFO org.apache.juli.logging.DirectJDKLog [restartedMain] Initializing Spring embedded WebApplicationContext
2021-10-28 10:50:33,211 INFO org.springframework.boot.web.servlet.context.ServletWebServerApplicationContext [restartedMain] Root WebApplicationContext: initialization completed in 352 ms
2021-10-28 10:50:33,255 INFO org.hibernate.jpa.internal.util.LogHelper [restartedMain] HHH000204: Processing PersistenceUnitInfo [name: default]
2021-10-28 10:50:33,258 INFO com.zaxxer.hikari.HikariDataSource [restartedMain] HikariPool-10 - Starting...
2021-10-28 10:50:33,274 INFO com.zaxxer.hikari.HikariDataSource [restartedMain] HikariPool-10 - Start completed.
2021-10-28 10:50:33,274 INFO org.hibernate.dialect.Dialect [restartedMain] HHH000400: Using dialect: org.hibernate.dialect.MySQL57InnoDBDialect
2021-10-28 10:50:33,315 INFO org.hibernate.engine.transaction.jta.platform.internal.JtaPlatformInitiator [restartedMain] HHH000490: Using JtaPlatform implementation: [org.hibernate.engine.transaction.jta.platform.internal.NoJtaPlatform]
2021-10-28 10:50:33,315 INFO org.springframework.orm.jpa.AbstractEntityManagerFactoryBean [restartedMain] Initialized JPA EntityManagerFactory for persistence unit 'default'
2021-10-28 10:50:33,441 WARN org.springframework.boot.autoconfigure.orm.jpa.JpaBaseConfiguration$JpaWebConfiguration [restartedMain] spring.jpa.open-in-view is enabled by default. Therefore, database queries may be performed during view rendering. Explicitly configure spring.jpa.open-in-view to disable this warning
2021-10-28 10:50:33,468 INFO springfox.documentation.spring.web.PropertySourcedRequestMappingHandlerMapping [restartedMain] Mapped URL path [/v2/api-docs] onto method [springfox.documentation.swagger2.web.Swagger2Controller#getDocumentation(String, HttpServletRequest)]
2021-10-28 10:50:33,511 INFO org.springframework.boot.devtools.autoconfigure.OptionalLiveReloadServer [restartedMain] LiveReload server is running on port 35729
2021-10-28 10:50:33,554 INFO org.apache.juli.logging.DirectJDKLog [restartedMain] Starting ProtocolHandler ["http-nio-8086"]
2021-10-28 10:50:33,555 INFO org.springframework.boot.web.embedded.tomcat.TomcatWebServer [restartedMain] Tomcat started on port(s): 8086 (http) with context path ''
2021-10-28 10:50:33,556 INFO springfox.documentation.spring.web.plugins.DocumentationPluginsBootstrapper [restartedMain] Context refreshed
2021-10-28 10:50:33,556 INFO springfox.documentation.spring.web.plugins.DocumentationPluginsBootstrapper [restartedMain] Found 1 custom documentation plugin(s)
2021-10-28 10:50:33,559 INFO springfox.documentation.spring.web.scanners.ApiListingReferenceScanner [restartedMain] Scanning for api listing references
2021-10-28 10:50:33,618 INFO springfox.documentation.spring.web.readers.operation.CachingOperationNameGenerator [restartedMain] Generating unique operation named: getDepartmentUsingGET_1
2021-10-28 10:50:33,642 INFO org.springframework.boot.StartupInfoLogger [restartedMain] Started AssignmentApplication in 0.819 seconds (JVM running for 2484.432)
2021-10-28 10:50:33,643 INFO org.springframework.boot.devtools.autoconfigure.ConditionEvaluationDeltaLoggingListener [restartedMain] Condition evaluation unchanged
2021-10-28 10:52:23,215 INFO org.springframework.orm.jpa.AbstractEntityManagerFactoryBean [Thread-39] Closing JPA EntityManagerFactory for persistence unit 'default'
2021-10-28 10:52:23,216 INFO com.zaxxer.hikari.HikariDataSource [Thread-39] HikariPool-10 - Shutdown initiated...
2021-10-28 10:52:23,218 INFO com.zaxxer.hikari.HikariDataSource [Thread-39] HikariPool-10 - Shutdown completed.
2021-10-28 10:52:23,300 INFO org.springframework.boot.StartupInfoLogger [restartedMain] Starting AssignmentApplication using Java 16.0.2 on daffolap865-ThinkPad-L480 with PID 11835 (/home/daffolap-865/Documents/project/assignment/target/classes started by daffolap-865 in /home/daffolap-865/Documents/project/assignment)
2021-10-28 10:52:23,301 INFO org.springframework.boot.SpringApplication [restartedMain] No active profile set, falling back to default profiles: default
2021-10-28 10:52:23,512 INFO org.springframework.data.repository.config.RepositoryConfigurationDelegate [restartedMain] Bootstrapping Spring Data JPA repositories in DEFAULT mode.
2021-10-28 10:52:23,520 INFO org.springframework.data.repository.config.RepositoryConfigurationDelegate [restartedMain] Finished Spring Data repository scanning in 7 ms. Found 2 JPA repository interfaces.
2021-10-28 10:52:23,609 INFO org.springframework.boot.web.embedded.tomcat.TomcatWebServer [restartedMain] Tomcat initialized with port(s): 8086 (http)
2021-10-28 10:52:23,610 INFO org.apache.juli.logging.DirectJDKLog [restartedMain] Initializing ProtocolHandler ["http-nio-8086"]
2021-10-28 10:52:23,610 INFO org.apache.juli.logging.DirectJDKLog [restartedMain] Starting service [Tomcat]
2021-10-28 10:52:23,610 INFO org.apache.juli.logging.DirectJDKLog [restartedMain] Starting Servlet engine: [Apache Tomcat/9.0.53]
2021-10-28 10:52:23,618 INFO org.apache.juli.logging.DirectJDKLog [restartedMain] Initializing Spring embedded WebApplicationContext
2021-10-28 10:52:23,618 INFO org.springframework.boot.web.servlet.context.ServletWebServerApplicationContext [restartedMain] Root WebApplicationContext: initialization completed in 316 ms
2021-10-28 10:52:23,658 INFO org.hibernate.jpa.internal.util.LogHelper [restartedMain] HHH000204: Processing PersistenceUnitInfo [name: default]
2021-10-28 10:52:23,661 INFO com.zaxxer.hikari.HikariDataSource [restartedMain] HikariPool-11 - Starting...
2021-10-28 10:52:23,676 INFO com.zaxxer.hikari.HikariDataSource [restartedMain] HikariPool-11 - Start completed.
2021-10-28 10:52:23,676 INFO org.hibernate.dialect.Dialect [restartedMain] HHH000400: Using dialect: org.hibernate.dialect.MySQL57InnoDBDialect
2021-10-28 10:52:23,719 INFO org.hibernate.engine.transaction.jta.platform.internal.JtaPlatformInitiator [restartedMain] HHH000490: Using JtaPlatform implementation: [org.hibernate.engine.transaction.jta.platform.internal.NoJtaPlatform]
2021-10-28 10:52:23,719 INFO org.springframework.orm.jpa.AbstractEntityManagerFactoryBean [restartedMain] Initialized JPA EntityManagerFactory for persistence unit 'default'
2021-10-28 10:52:23,838 WARN org.springframework.boot.autoconfigure.orm.jpa.JpaBaseConfiguration$JpaWebConfiguration [restartedMain] spring.jpa.open-in-view is enabled by default. Therefore, database queries may be performed during view rendering. Explicitly configure spring.jpa.open-in-view to disable this warning
2021-10-28 10:52:23,864 INFO springfox.documentation.spring.web.PropertySourcedRequestMappingHandlerMapping [restartedMain] Mapped URL path [/v2/api-docs] onto method [springfox.documentation.swagger2.web.Swagger2Controller#getDocumentation(String, HttpServletRequest)]
2021-10-28 10:52:23,909 INFO org.springframework.boot.devtools.autoconfigure.OptionalLiveReloadServer [restartedMain] LiveReload server is running on port 35729
2021-10-28 10:52:23,960 INFO org.apache.juli.logging.DirectJDKLog [restartedMain] Starting ProtocolHandler ["http-nio-8086"]
2021-10-28 10:52:23,961 INFO org.springframework.boot.web.embedded.tomcat.TomcatWebServer [restartedMain] Tomcat started on port(s): 8086 (http) with context path ''
2021-10-28 10:52:23,962 INFO springfox.documentation.spring.web.plugins.DocumentationPluginsBootstrapper [restartedMain] Context refreshed
2021-10-28 10:52:23,962 INFO springfox.documentation.spring.web.plugins.DocumentationPluginsBootstrapper [restartedMain] Found 1 custom documentation plugin(s)
2021-10-28 10:52:23,965 INFO springfox.documentation.spring.web.scanners.ApiListingReferenceScanner [restartedMain] Scanning for api listing references
2021-10-28 10:52:24,019 INFO springfox.documentation.spring.web.readers.operation.CachingOperationNameGenerator [restartedMain] Generating unique operation named: getDepartmentUsingGET_1
2021-10-28 10:52:24,042 INFO org.springframework.boot.StartupInfoLogger [restartedMain] Started AssignmentApplication in 0.771 seconds (JVM running for 2594.831)
2021-10-28 10:52:24,043 INFO org.springframework.boot.devtools.autoconfigure.ConditionEvaluationDeltaLoggingListener [restartedMain] Condition evaluation unchanged
2021-10-28 10:54:54,723 INFO org.springframework.orm.jpa.AbstractEntityManagerFactoryBean [Thread-43] Closing JPA EntityManagerFactory for persistence unit 'default'
2021-10-28 10:54:54,725 INFO com.zaxxer.hikari.HikariDataSource [Thread-43] HikariPool-11 - Shutdown initiated...
2021-10-28 10:54:54,732 INFO com.zaxxer.hikari.HikariDataSource [Thread-43] HikariPool-11 - Shutdown completed.
2021-10-28 10:54:54,836 INFO org.springframework.boot.StartupInfoLogger [restartedMain] Starting AssignmentApplication using Java 16.0.2 on daffolap865-ThinkPad-L480 with PID 11835 (/home/daffolap-865/Documents/project/assignment/target/classes started by daffolap-865 in /home/daffolap-865/Documents/project/assignment)
2021-10-28 10:54:54,836 INFO org.springframework.boot.SpringApplication [restartedMain] No active profile set, falling back to default profiles: default
2021-10-28 10:54:55,031 INFO org.springframework.data.repository.config.RepositoryConfigurationDelegate [restartedMain] Bootstrapping Spring Data JPA repositories in DEFAULT mode.
2021-10-28 10:54:55,038 INFO org.springframework.data.repository.config.RepositoryConfigurationDelegate [restartedMain] Finished Spring Data repository scanning in 6 ms. Found 2 JPA repository interfaces.
2021-10-28 10:54:55,121 INFO org.springframework.boot.web.embedded.tomcat.TomcatWebServer [restartedMain] Tomcat initialized with port(s): 8086 (http)
2021-10-28 10:54:55,122 INFO org.apache.juli.logging.DirectJDKLog [restartedMain] Initializing ProtocolHandler ["http-nio-8086"]
2021-10-28 10:54:55,122 INFO org.apache.juli.logging.DirectJDKLog [restartedMain] Starting service [Tomcat]
2021-10-28 10:54:55,122 INFO org.apache.juli.logging.DirectJDKLog [restartedMain] Starting Servlet engine: [Apache Tomcat/9.0.53]
2021-10-28 10:54:55,130 INFO org.apache.juli.logging.DirectJDKLog [restartedMain] Initializing Spring embedded WebApplicationContext
2021-10-28 10:54:55,130 INFO org.springframework.boot.web.servlet.context.ServletWebServerApplicationContext [restartedMain] Root WebApplicationContext: initialization completed in 292 ms
2021-10-28 10:54:55,172 INFO org.hibernate.jpa.internal.util.LogHelper [restartedMain] HHH000204: Processing PersistenceUnitInfo [name: default]
2021-10-28 10:54:55,175 INFO com.zaxxer.hikari.HikariDataSource [restartedMain] HikariPool-12 - Starting...
2021-10-28 10:54:55,191 INFO com.zaxxer.hikari.HikariDataSource [restartedMain] HikariPool-12 - Start completed.
2021-10-28 10:54:55,192 INFO org.hibernate.dialect.Dialect [restartedMain] HHH000400: Using dialect: org.hibernate.dialect.MySQL57InnoDBDialect
2021-10-28 10:54:55,233 INFO org.hibernate.engine.transaction.jta.platform.internal.JtaPlatformInitiator [restartedMain] HHH000490: Using JtaPlatform implementation: [org.hibernate.engine.transaction.jta.platform.internal.NoJtaPlatform]
2021-10-28 10:54:55,234 INFO org.springframework.orm.jpa.AbstractEntityManagerFactoryBean [restartedMain] Initialized JPA EntityManagerFactory for persistence unit 'default'
2021-10-28 10:54:55,377 WARN org.springframework.boot.autoconfigure.orm.jpa.JpaBaseConfiguration$JpaWebConfiguration [restartedMain] spring.jpa.open-in-view is enabled by default. Therefore, database queries may be performed during view rendering. Explicitly configure spring.jpa.open-in-view to disable this warning
2021-10-28 10:54:55,432 INFO springfox.documentation.spring.web.PropertySourcedRequestMappingHandlerMapping [restartedMain] Mapped URL path [/v2/api-docs] onto method [springfox.documentation.swagger2.web.Swagger2Controller#getDocumentation(String, HttpServletRequest)]
2021-10-28 10:54:55,484 INFO org.springframework.boot.devtools.autoconfigure.OptionalLiveReloadServer [restartedMain] LiveReload server is running on port 35729
2021-10-28 10:54:55,529 INFO org.apache.juli.logging.DirectJDKLog [restartedMain] Starting ProtocolHandler ["http-nio-8086"]
2021-10-28 10:54:55,530 INFO org.springframework.boot.web.embedded.tomcat.TomcatWebServer [restartedMain] Tomcat started on port(s): 8086 (http) with context path ''
2021-10-28 10:54:55,531 INFO springfox.documentation.spring.web.plugins.DocumentationPluginsBootstrapper [restartedMain] Context refreshed
2021-10-28 10:54:55,532 INFO springfox.documentation.spring.web.plugins.DocumentationPluginsBootstrapper [restartedMain] Found 1 custom documentation plugin(s)
2021-10-28 10:54:55,534 INFO springfox.documentation.spring.web.scanners.ApiListingReferenceScanner [restartedMain] Scanning for api listing references
2021-10-28 10:54:55,589 INFO springfox.documentation.spring.web.readers.operation.CachingOperationNameGenerator [restartedMain] Generating unique operation named: getDepartmentUsingGET_1
2021-10-28 10:54:55,612 INFO org.springframework.boot.StartupInfoLogger [restartedMain] Started AssignmentApplication in 0.81 seconds (JVM running for 2746.401)
2021-10-28 10:54:55,614 INFO org.springframework.boot.devtools.autoconfigure.ConditionEvaluationDeltaLoggingListener [restartedMain] Condition evaluation unchanged
2021-10-28 10:55:39,035 INFO org.springframework.orm.jpa.AbstractEntityManagerFactoryBean [Thread-47] Closing JPA EntityManagerFactory for persistence unit 'default'
2021-10-28 10:55:39,036 INFO com.zaxxer.hikari.HikariDataSource [Thread-47] HikariPool-12 - Shutdown initiated...
2021-10-28 10:55:39,039 INFO com.zaxxer.hikari.HikariDataSource [Thread-47] HikariPool-12 - Shutdown completed.
2021-10-28 10:55:39,145 INFO org.springframework.boot.StartupInfoLogger [restartedMain] Starting AssignmentApplication using Java 16.0.2 on daffolap865-ThinkPad-L480 with PID 11835 (/home/daffolap-865/Documents/project/assignment/target/classes started by daffolap-865 in /home/daffolap-865/Documents/project/assignment)
2021-10-28 10:55:39,145 INFO org.springframework.boot.SpringApplication [restartedMain] No active profile set, falling back to default profiles: default
2021-10-28 10:55:39,382 INFO org.springframework.data.repository.config.RepositoryConfigurationDelegate [restartedMain] Bootstrapping Spring Data JPA repositories in DEFAULT mode.
2021-10-28 10:55:39,391 INFO org.springframework.data.repository.config.RepositoryConfigurationDelegate [restartedMain] Finished Spring Data repository scanning in 8 ms. Found 2 JPA repository interfaces.
2021-10-28 10:55:39,497 INFO org.springframework.boot.web.embedded.tomcat.TomcatWebServer [restartedMain] Tomcat initialized with port(s): 8086 (http)
2021-10-28 10:55:39,498 INFO org.apache.juli.logging.DirectJDKLog [restartedMain] Initializing ProtocolHandler ["http-nio-8086"]
2021-10-28 10:55:39,498 INFO org.apache.juli.logging.DirectJDKLog [restartedMain] Starting service [Tomcat]
2021-10-28 10:55:39,498 INFO org.apache.juli.logging.DirectJDKLog [restartedMain] Starting Servlet engine: [Apache Tomcat/9.0.53]
2021-10-28 10:55:39,506 INFO org.apache.juli.logging.DirectJDKLog [restartedMain] Initializing Spring embedded WebApplicationContext
2021-10-28 10:55:39,506 INFO org.springframework.boot.web.servlet.context.ServletWebServerApplicationContext [restartedMain] Root WebApplicationContext: initialization completed in 359 ms
2021-10-28 10:55:39,549 INFO org.hibernate.jpa.internal.util.LogHelper [restartedMain] HHH000204: Processing PersistenceUnitInfo [name: default]
2021-10-28 10:55:39,553 INFO com.zaxxer.hikari.HikariDataSource [restartedMain] HikariPool-13 - Starting...
2021-10-28 10:55:39,569 INFO com.zaxxer.hikari.HikariDataSource [restartedMain] HikariPool-13 - Start completed.
2021-10-28 10:55:39,569 INFO org.hibernate.dialect.Dialect [restartedMain] HHH000400: Using dialect: org.hibernate.dialect.MySQL57InnoDBDialect
2021-10-28 10:55:39,616 INFO org.hibernate.engine.transaction.jta.platform.internal.JtaPlatformInitiator [restartedMain] HHH000490: Using JtaPlatform implementation: [org.hibernate.engine.transaction.jta.platform.internal.NoJtaPlatform]
2021-10-28 10:55:39,616 INFO org.springframework.orm.jpa.AbstractEntityManagerFactoryBean [restartedMain] Initialized JPA EntityManagerFactory for persistence unit 'default'
2021-10-28 10:55:39,784 WARN org.springframework.boot.autoconfigure.orm.jpa.JpaBaseConfiguration$JpaWebConfiguration [restartedMain] spring.jpa.open-in-view is enabled by default. Therefore, database queries may be performed during view rendering. Explicitly configure spring.jpa.open-in-view to disable this warning
2021-10-28 10:55:39,821 INFO springfox.documentation.spring.web.PropertySourcedRequestMappingHandlerMapping [restartedMain] Mapped URL path [/v2/api-docs] onto method [springfox.documentation.swagger2.web.Swagger2Controller#getDocumentation(String, HttpServletRequest)]
2021-10-28 10:55:39,871 INFO org.springframework.boot.devtools.autoconfigure.OptionalLiveReloadServer [restartedMain] LiveReload server is running on port 35729
2021-10-28 10:55:39,917 INFO org.apache.juli.logging.DirectJDKLog [restartedMain] Starting ProtocolHandler ["http-nio-8086"]
2021-10-28 10:55:39,917 INFO org.springframework.boot.web.embedded.tomcat.TomcatWebServer [restartedMain] Tomcat started on port(s): 8086 (http) with context path ''
2021-10-28 10:55:39,918 INFO springfox.documentation.spring.web.plugins.DocumentationPluginsBootstrapper [restartedMain] Context refreshed
2021-10-28 10:55:39,918 INFO springfox.documentation.spring.web.plugins.DocumentationPluginsBootstrapper [restartedMain] Found 1 custom documentation plugin(s)
2021-10-28 10:55:39,921 INFO springfox.documentation.spring.web.scanners.ApiListingReferenceScanner [restartedMain] Scanning for api listing references
2021-10-28 10:55:39,988 INFO springfox.documentation.spring.web.readers.operation.CachingOperationNameGenerator [restartedMain] Generating unique operation named: getDepartmentUsingGET_1
2021-10-28 10:55:40,013 INFO org.springframework.boot.StartupInfoLogger [restartedMain] Started AssignmentApplication in 0.905 seconds (JVM running for 2790.802)
2021-10-28 10:55:40,014 INFO org.springframework.boot.devtools.autoconfigure.ConditionEvaluationDeltaLoggingListener [restartedMain] Condition evaluation unchanged
2021-10-28 10:56:04,378 INFO org.springframework.orm.jpa.AbstractEntityManagerFactoryBean [Thread-51] Closing JPA EntityManagerFactory for persistence unit 'default'
2021-10-28 10:56:04,379 INFO com.zaxxer.hikari.HikariDataSource [Thread-51] HikariPool-13 - Shutdown initiated...
2021-10-28 10:56:04,382 INFO com.zaxxer.hikari.HikariDataSource [Thread-51] HikariPool-13 - Shutdown completed.
2021-10-28 10:56:04,474 INFO org.springframework.boot.StartupInfoLogger [restartedMain] Starting AssignmentApplication using Java 16.0.2 on daffolap865-ThinkPad-L480 with PID 11835 (/home/daffolap-865/Documents/project/assignment/target/classes started by daffolap-865 in /home/daffolap-865/Documents/project/assignment)
2021-10-28 10:56:04,474 INFO org.springframework.boot.SpringApplication [restartedMain] No active profile set, falling back to default profiles: default
2021-10-28 10:56:04,739 INFO org.springframework.data.repository.config.RepositoryConfigurationDelegate [restartedMain] Bootstrapping Spring Data JPA repositories in DEFAULT mode.
2021-10-28 10:56:04,750 INFO org.springframework.data.repository.config.RepositoryConfigurationDelegate [restartedMain] Finished Spring Data repository scanning in 10 ms. Found 2 JPA repository interfaces.
2021-10-28 10:56:04,869 INFO org.springframework.boot.web.embedded.tomcat.TomcatWebServer [restartedMain] Tomcat initialized with port(s): 8086 (http)
2021-10-28 10:56:04,870 INFO org.apache.juli.logging.DirectJDKLog [restartedMain] Initializing ProtocolHandler ["http-nio-8086"]
2021-10-28 10:56:04,870 INFO org.apache.juli.logging.DirectJDKLog [restartedMain] Starting service [Tomcat]
2021-10-28 10:56:04,870 INFO org.apache.juli.logging.DirectJDKLog [restartedMain] Starting Servlet engine: [Apache Tomcat/9.0.53]
2021-10-28 10:56:04,878 INFO org.apache.juli.logging.DirectJDKLog [restartedMain] Initializing Spring embedded WebApplicationContext
2021-10-28 10:56:04,878 INFO org.springframework.boot.web.servlet.context.ServletWebServerApplicationContext [restartedMain] Root WebApplicationContext: initialization completed in 401 ms
2021-10-28 10:56:04,922 INFO org.hibernate.jpa.internal.util.LogHelper [restartedMain] HHH000204: Processing PersistenceUnitInfo [name: default]
2021-10-28 10:56:04,925 INFO com.zaxxer.hikari.HikariDataSource [restartedMain] HikariPool-14 - Starting...
2021-10-28 10:56:04,939 INFO com.zaxxer.hikari.HikariDataSource [restartedMain] HikariPool-14 - Start completed.
2021-10-28 10:56:04,940 INFO org.hibernate.dialect.Dialect [restartedMain] HHH000400: Using dialect: org.hibernate.dialect.MySQL57InnoDBDialect
2021-10-28 10:56:04,982 INFO org.hibernate.engine.transaction.jta.platform.internal.JtaPlatformInitiator [restartedMain] HHH000490: Using JtaPlatform implementation: [org.hibernate.engine.transaction.jta.platform.internal.NoJtaPlatform]
2021-10-28 10:56:04,983 INFO org.springframework.orm.jpa.AbstractEntityManagerFactoryBean [restartedMain] Initialized JPA EntityManagerFactory for persistence unit 'default'
2021-10-28 10:56:05,120 WARN org.springframework.boot.autoconfigure.orm.jpa.JpaBaseConfiguration$JpaWebConfiguration [restartedMain] spring.jpa.open-in-view is enabled by default. Therefore, database queries may be performed during view rendering. Explicitly configure spring.jpa.open-in-view to disable this warning
2021-10-28 10:56:05,159 INFO springfox.documentation.spring.web.PropertySourcedRequestMappingHandlerMapping [restartedMain] Mapped URL path [/v2/api-docs] onto method [springfox.documentation.swagger2.web.Swagger2Controller#getDocumentation(String, HttpServletRequest)]
2021-10-28 10:56:05,204 INFO org.springframework.boot.devtools.autoconfigure.OptionalLiveReloadServer [restartedMain] LiveReload server is running on port 35729
2021-10-28 10:56:05,249 INFO org.apache.juli.logging.DirectJDKLog [restartedMain] Starting ProtocolHandler ["http-nio-8086"]
2021-10-28 10:56:05,250 INFO org.springframework.boot.web.embedded.tomcat.TomcatWebServer [restartedMain] Tomcat started on port(s): 8086 (http) with context path ''
2021-10-28 10:56:05,250 INFO springfox.documentation.spring.web.plugins.DocumentationPluginsBootstrapper [restartedMain] Context refreshed
2021-10-28 10:56:05,251 INFO springfox.documentation.spring.web.plugins.DocumentationPluginsBootstrapper [restartedMain] Found 1 custom documentation plugin(s)
2021-10-28 10:56:05,253 INFO springfox.documentation.spring.web.scanners.ApiListingReferenceScanner [restartedMain] Scanning for api listing references
2021-10-28 10:56:05,307 INFO springfox.documentation.spring.web.readers.operation.CachingOperationNameGenerator [restartedMain] Generating unique operation named: getDepartmentUsingGET_1
2021-10-28 10:56:05,329 INFO org.springframework.boot.StartupInfoLogger [restartedMain] Started AssignmentApplication in 0.887 seconds (JVM running for 2816.119)
2021-10-28 10:56:05,331 INFO org.springframework.boot.devtools.autoconfigure.ConditionEvaluationDeltaLoggingListener [restartedMain] Condition evaluation unchanged
2021-10-28 10:56:22,697 INFO org.springframework.orm.jpa.AbstractEntityManagerFactoryBean [Thread-55] Closing JPA EntityManagerFactory for persistence unit 'default'
2021-10-28 10:56:22,697 INFO com.zaxxer.hikari.HikariDataSource [Thread-55] HikariPool-14 - Shutdown initiated...
2021-10-28 10:56:22,700 INFO com.zaxxer.hikari.HikariDataSource [Thread-55] HikariPool-14 - Shutdown completed.
2021-10-28 10:56:22,819 INFO org.springframework.boot.StartupInfoLogger [restartedMain] Starting AssignmentApplication using Java 16.0.2 on daffolap865-ThinkPad-L480 with PID 11835 (/home/daffolap-865/Documents/project/assignment/target/classes started by daffolap-865 in /home/daffolap-865/Documents/project/assignment)
2021-10-28 10:56:22,819 INFO org.springframework.boot.SpringApplication [restartedMain] No active profile set, falling back to default profiles: default
2021-10-28 10:56:23,036 INFO org.springframework.data.repository.config.RepositoryConfigurationDelegate [restartedMain] Bootstrapping Spring Data JPA repositories in DEFAULT mode.
2021-10-28 10:56:23,046 INFO org.springframework.data.repository.config.RepositoryConfigurationDelegate [restartedMain] Finished Spring Data repository scanning in 9 ms. Found 2 JPA repository interfaces.
2021-10-28 10:56:23,150 INFO org.springframework.boot.web.embedded.tomcat.TomcatWebServer [restartedMain] Tomcat initialized with port(s): 8086 (http)
2021-10-28 10:56:23,151 INFO org.apache.juli.logging.DirectJDKLog [restartedMain] Initializing ProtocolHandler ["http-nio-8086"]
2021-10-28 10:56:23,151 INFO org.apache.juli.logging.DirectJDKLog [restartedMain] Starting service [Tomcat]
2021-10-28 10:56:23,151 INFO org.apache.juli.logging.DirectJDKLog [restartedMain] Starting Servlet engine: [Apache Tomcat/9.0.53]
2021-10-28 10:56:23,160 INFO org.apache.juli.logging.DirectJDKLog [restartedMain] Initializing Spring embedded WebApplicationContext
2021-10-28 10:56:23,160 INFO org.springframework.boot.web.servlet.context.ServletWebServerApplicationContext [restartedMain] Root WebApplicationContext: initialization completed in 339 ms
2021-10-28 10:56:23,206 INFO org.hibernate.jpa.internal.util.LogHelper [restartedMain] HHH000204: Processing PersistenceUnitInfo [name: default]
2021-10-28 10:56:23,211 INFO com.zaxxer.hikari.HikariDataSource [restartedMain] HikariPool-15 - Starting...
2021-10-28 10:56:23,227 INFO com.zaxxer.hikari.HikariDataSource [restartedMain] HikariPool-15 - Start completed.
2021-10-28 10:56:23,228 INFO org.hibernate.dialect.Dialect [restartedMain] HHH000400: Using dialect: org.hibernate.dialect.MySQL57InnoDBDialect
2021-10-28 10:56:23,271 INFO org.hibernate.engine.transaction.jta.platform.internal.JtaPlatformInitiator [restartedMain] HHH000490: Using JtaPlatform implementation: [org.hibernate.engine.transaction.jta.platform.internal.NoJtaPlatform]
2021-10-28 10:56:23,271 INFO org.springframework.orm.jpa.AbstractEntityManagerFactoryBean [restartedMain] Initialized JPA EntityManagerFactory for persistence unit 'default'
2021-10-28 10:56:23,413 WARN org.springframework.boot.autoconfigure.orm.jpa.JpaBaseConfiguration$JpaWebConfiguration [restartedMain] spring.jpa.open-in-view is enabled by default. Therefore, database queries may be performed during view rendering. Explicitly configure spring.jpa.open-in-view to disable this warning
2021-10-28 10:56:23,452 INFO springfox.documentation.spring.web.PropertySourcedRequestMappingHandlerMapping [restartedMain] Mapped URL path [/v2/api-docs] onto method [springfox.documentation.swagger2.web.Swagger2Controller#getDocumentation(String, HttpServletRequest)]
2021-10-28 10:56:23,499 INFO org.springframework.boot.devtools.autoconfigure.OptionalLiveReloadServer [restartedMain] LiveReload server is running on port 35729
2021-10-28 10:56:23,561 INFO org.apache.juli.logging.DirectJDKLog [restartedMain] Starting ProtocolHandler ["http-nio-8086"]
2021-10-28 10:56:23,562 INFO org.springframework.boot.web.embedded.tomcat.TomcatWebServer [restartedMain] Tomcat started on port(s): 8086 (http) with context path ''
2021-10-28 10:56:23,563 INFO springfox.documentation.spring.web.plugins.DocumentationPluginsBootstrapper [restartedMain] Context refreshed
2021-10-28 10:56:23,564 INFO springfox.documentation.spring.web.plugins.DocumentationPluginsBootstrapper [restartedMain] Found 1 custom documentation plugin(s)
2021-10-28 10:56:23,567 INFO springfox.documentation.spring.web.scanners.ApiListingReferenceScanner [restartedMain] Scanning for api listing references
2021-10-28 10:56:23,637 INFO springfox.documentation.spring.web.readers.operation.CachingOperationNameGenerator [restartedMain] Generating unique operation named: getDepartmentUsingGET_1
2021-10-28 10:56:23,664 INFO org.springframework.boot.StartupInfoLogger [restartedMain] Started AssignmentApplication in 0.894 seconds (JVM running for 2834.453)
2021-10-28 10:56:23,666 INFO org.springframework.boot.devtools.autoconfigure.ConditionEvaluationDeltaLoggingListener [restartedMain] Condition evaluation unchanged
2021-10-28 10:56:38,001 INFO org.springframework.orm.jpa.AbstractEntityManagerFactoryBean [Thread-59] Closing JPA EntityManagerFactory for persistence unit 'default'
2021-10-28 10:56:38,003 INFO com.zaxxer.hikari.HikariDataSource [Thread-59] HikariPool-15 - Shutdown initiated...
2021-10-28 10:56:38,007 INFO com.zaxxer.hikari.HikariDataSource [Thread-59] HikariPool-15 - Shutdown completed.
2021-10-28 10:56:38,117 INFO org.springframework.boot.StartupInfoLogger [restartedMain] Starting AssignmentApplication using Java 16.0.2 on daffolap865-ThinkPad-L480 with PID 11835 (/home/daffolap-865/Documents/project/assignment/target/classes started by daffolap-865 in /home/daffolap-865/Documents/project/assignment)
2021-10-28 10:56:38,117 INFO org.springframework.boot.SpringApplication [restartedMain] No active profile set, falling back to default profiles: default
2021-10-28 10:56:38,351 INFO org.springframework.data.repository.config.RepositoryConfigurationDelegate [restartedMain] Bootstrapping Spring Data JPA repositories in DEFAULT mode.
2021-10-28 10:56:38,359 INFO org.springframework.data.repository.config.RepositoryConfigurationDelegate [restartedMain] Finished Spring Data repository scanning in 8 ms. Found 2 JPA repository interfaces.
2021-10-28 10:56:38,471 INFO org.springframework.boot.web.embedded.tomcat.TomcatWebServer [restartedMain] Tomcat initialized with port(s): 8086 (http)
2021-10-28 10:56:38,472 INFO org.apache.juli.logging.DirectJDKLog [restartedMain] Initializing ProtocolHandler ["http-nio-8086"]
2021-10-28 10:56:38,472 INFO org.apache.juli.logging.DirectJDKLog [restartedMain] Starting service [Tomcat]
2021-10-28 10:56:38,472 INFO org.apache.juli.logging.DirectJDKLog [restartedMain] Starting Servlet engine: [Apache Tomcat/9.0.53]
2021-10-28 10:56:38,480 INFO org.apache.juli.logging.DirectJDKLog [restartedMain] Initializing Spring embedded WebApplicationContext
2021-10-28 10:56:38,480 INFO org.springframework.boot.web.servlet.context.ServletWebServerApplicationContext [restartedMain] Root WebApplicationContext: initialization completed in 361 ms
2021-10-28 10:56:38,524 INFO org.hibernate.jpa.internal.util.LogHelper [restartedMain] HHH000204: Processing PersistenceUnitInfo [name: default]
2021-10-28 10:56:38,529 INFO com.zaxxer.hikari.HikariDataSource [restartedMain] HikariPool-16 - Starting...
2021-10-28 10:56:38,542 INFO com.zaxxer.hikari.HikariDataSource [restartedMain] HikariPool-16 - Start completed.
2021-10-28 10:56:38,543 INFO org.hibernate.dialect.Dialect [restartedMain] HHH000400: Using dialect: org.hibernate.dialect.MySQL57InnoDBDialect
2021-10-28 10:56:38,585 INFO org.hibernate.engine.transaction.jta.platform.internal.JtaPlatformInitiator [restartedMain] HHH000490: Using JtaPlatform implementation: [org.hibernate.engine.transaction.jta.platform.internal.NoJtaPlatform]
2021-10-28 10:56:38,586 INFO org.springframework.orm.jpa.AbstractEntityManagerFactoryBean [restartedMain] Initialized JPA EntityManagerFactory for persistence unit 'default'
2021-10-28 10:56:38,732 WARN org.springframework.boot.autoconfigure.orm.jpa.JpaBaseConfiguration$JpaWebConfiguration [restartedMain] spring.jpa.open-in-view is enabled by default. Therefore, database queries may be performed during view rendering. Explicitly configure spring.jpa.open-in-view to disable this warning
2021-10-28 10:56:38,770 INFO springfox.documentation.spring.web.PropertySourcedRequestMappingHandlerMapping [restartedMain] Mapped URL path [/v2/api-docs] onto method [springfox.documentation.swagger2.web.Swagger2Controller#getDocumentation(String, HttpServletRequest)]
2021-10-28 10:56:38,827 INFO org.springframework.boot.devtools.autoconfigure.OptionalLiveReloadServer [restartedMain] LiveReload server is running on port 35729
2021-10-28 10:56:38,889 INFO org.apache.juli.logging.DirectJDKLog [restartedMain] Starting ProtocolHandler ["http-nio-8086"]
2021-10-28 10:56:38,890 INFO org.springframework.boot.web.embedded.tomcat.TomcatWebServer [restartedMain] Tomcat started on port(s): 8086 (http) with context path ''
2021-10-28 10:56:38,890 INFO springfox.documentation.spring.web.plugins.DocumentationPluginsBootstrapper [restartedMain] Context refreshed
2021-10-28 10:56:38,891 INFO springfox.documentation.spring.web.plugins.DocumentationPluginsBootstrapper [restartedMain] Found 1 custom documentation plugin(s)
2021-10-28 10:56:38,894 INFO springfox.documentation.spring.web.scanners.ApiListingReferenceScanner [restartedMain] Scanning for api listing references
2021-10-28 10:56:38,945 INFO springfox.documentation.spring.web.readers.operation.CachingOperationNameGenerator [restartedMain] Generating unique operation named: getDepartmentUsingGET_1
2021-10-28 10:56:38,967 INFO org.springframework.boot.StartupInfoLogger [restartedMain] Started AssignmentApplication in 0.887 seconds (JVM running for 2849.756)
2021-10-28 10:56:38,969 INFO org.springframework.boot.devtools.autoconfigure.ConditionEvaluationDeltaLoggingListener [restartedMain] Condition evaluation unchanged
2021-10-28 11:03:53,348 INFO org.springframework.orm.jpa.AbstractEntityManagerFactoryBean [Thread-63] Closing JPA EntityManagerFactory for persistence unit 'default'
2021-10-28 11:03:53,350 INFO com.zaxxer.hikari.HikariDataSource [Thread-63] HikariPool-16 - Shutdown initiated...
2021-10-28 11:03:53,353 INFO com.zaxxer.hikari.HikariDataSource [Thread-63] HikariPool-16 - Shutdown completed.
2021-10-28 11:03:53,494 INFO org.springframework.boot.StartupInfoLogger [restartedMain] Starting AssignmentApplication using Java 16.0.2 on daffolap865-ThinkPad-L480 with PID 11835 (/home/daffolap-865/Documents/project/assignment/target/classes started by daffolap-865 in /home/daffolap-865/Documents/project/assignment)
2021-10-28 11:03:53,494 INFO org.springframework.boot.SpringApplication [restartedMain] No active profile set, falling back to default profiles: default
2021-10-28 11:03:53,737 INFO org.springframework.data.repository.config.RepositoryConfigurationDelegate [restartedMain] Bootstrapping Spring Data JPA repositories in DEFAULT mode.
2021-10-28 11:03:53,750 INFO org.springframework.data.repository.config.RepositoryConfigurationDelegate [restartedMain] Finished Spring Data repository scanning in 13 ms. Found 2 JPA repository interfaces.
2021-10-28 11:03:53,871 INFO org.springframework.boot.web.embedded.tomcat.TomcatWebServer [restartedMain] Tomcat initialized with port(s): 8086 (http)
2021-10-28 11:03:53,871 INFO org.apache.juli.logging.DirectJDKLog [restartedMain] Initializing ProtocolHandler ["http-nio-8086"]
2021-10-28 11:03:53,872 INFO org.apache.juli.logging.DirectJDKLog [restartedMain] Starting service [Tomcat]
2021-10-28 11:03:53,872 INFO org.apache.juli.logging.DirectJDKLog [restartedMain] Starting Servlet engine: [Apache Tomcat/9.0.53]
2021-10-28 11:03:53,879 INFO org.apache.juli.logging.DirectJDKLog [restartedMain] Initializing Spring embedded WebApplicationContext
2021-10-28 11:03:53,879 INFO org.springframework.boot.web.servlet.context.ServletWebServerApplicationContext [restartedMain] Root WebApplicationContext: initialization completed in 382 ms
2021-10-28 11:03:53,919 INFO org.hibernate.jpa.internal.util.LogHelper [restartedMain] HHH000204: Processing PersistenceUnitInfo [name: default]
2021-10-28 11:03:53,922 INFO com.zaxxer.hikari.HikariDataSource [restartedMain] HikariPool-17 - Starting...
2021-10-28 11:03:53,941 INFO com.zaxxer.hikari.HikariDataSource [restartedMain] HikariPool-17 - Start completed.
2021-10-28 11:03:53,942 INFO org.hibernate.dialect.Dialect [restartedMain] HHH000400: Using dialect: org.hibernate.dialect.MySQL57InnoDBDialect
2021-10-28 11:03:53,980 INFO org.hibernate.engine.transaction.jta.platform.internal.JtaPlatformInitiator [restartedMain] HHH000490: Using JtaPlatform implementation: [org.hibernate.engine.transaction.jta.platform.internal.NoJtaPlatform]
2021-10-28 11:03:53,981 INFO org.springframework.orm.jpa.AbstractEntityManagerFactoryBean [restartedMain] Initialized JPA EntityManagerFactory for persistence unit 'default'
2021-10-28 11:03:54,056 WARN org.springframework.boot.autoconfigure.orm.jpa.JpaBaseConfiguration$JpaWebConfiguration [restartedMain] spring.jpa.open-in-view is enabled by default. Therefore, database queries may be performed during view rendering. Explicitly configure spring.jpa.open-in-view to disable this warning
2021-10-28 11:03:54,122 INFO springfox.documentation.spring.web.PropertySourcedRequestMappingHandlerMapping [restartedMain] Mapped URL path [/v2/api-docs] onto method [springfox.documentation.swagger2.web.Swagger2Controller#getDocumentation(String, HttpServletRequest)]
2021-10-28 11:03:54,191 INFO org.springframework.boot.devtools.autoconfigure.OptionalLiveReloadServer [restartedMain] LiveReload server is running on port 35729
2021-10-28 11:03:54,388 INFO org.apache.juli.logging.DirectJDKLog [restartedMain] Starting ProtocolHandler ["http-nio-8086"]
2021-10-28 11:03:54,389 INFO org.springframework.boot.web.embedded.tomcat.TomcatWebServer [restartedMain] Tomcat started on port(s): 8086 (http) with context path ''
2021-10-28 11:03:54,390 INFO springfox.documentation.spring.web.plugins.DocumentationPluginsBootstrapper [restartedMain] Context refreshed
2021-10-28 11:03:54,390 INFO springfox.documentation.spring.web.plugins.DocumentationPluginsBootstrapper [restartedMain] Found 1 custom documentation plugin(s)
2021-10-28 11:03:54,393 INFO springfox.documentation.spring.web.scanners.ApiListingReferenceScanner [restartedMain] Scanning for api listing references
2021-10-28 11:03:54,443 INFO org.springframework.boot.StartupInfoLogger [restartedMain] Started AssignmentApplication in 0.982 seconds (JVM running for 3285.232)
2021-10-28 11:03:54,446 INFO org.springframework.boot.devtools.autoconfigure.ConditionEvaluationDeltaLoggingListener [restartedMain] Condition evaluation unchanged
2021-10-28 11:03:55,791 INFO org.springframework.orm.jpa.AbstractEntityManagerFactoryBean [Thread-67] Closing JPA EntityManagerFactory for persistence unit 'default'
2021-10-28 11:03:55,791 INFO com.zaxxer.hikari.HikariDataSource [Thread-67] HikariPool-17 - Shutdown initiated...
2021-10-28 11:03:55,794 INFO com.zaxxer.hikari.HikariDataSource [Thread-67] HikariPool-17 - Shutdown completed.
2021-10-28 11:03:55,879 INFO org.springframework.boot.StartupInfoLogger [restartedMain] Starting AssignmentApplication using Java 16.0.2 on daffolap865-ThinkPad-L480 with PID 11835 (/home/daffolap-865/Documents/project/assignment/target/classes started by daffolap-865 in /home/daffolap-865/Documents/project/assignment)
2021-10-28 11:03:55,880 INFO org.springframework.boot.SpringApplication [restartedMain] No active profile set, falling back to default profiles: default
2021-10-28 11:03:56,065 INFO org.springframework.data.repository.config.RepositoryConfigurationDelegate [restartedMain] Bootstrapping Spring Data JPA repositories in DEFAULT mode.
2021-10-28 11:03:56,071 INFO org.springframework.data.repository.config.RepositoryConfigurationDelegate [restartedMain] Finished Spring Data repository scanning in 6 ms. Found 2 JPA repository interfaces.
2021-10-28 11:03:56,173 INFO org.springframework.boot.web.embedded.tomcat.TomcatWebServer [restartedMain] Tomcat initialized with port(s): 8086 (http)
2021-10-28 11:03:56,174 INFO org.apache.juli.logging.DirectJDKLog [restartedMain] Initializing ProtocolHandler ["http-nio-8086"]
2021-10-28 11:03:56,174 INFO org.apache.juli.logging.DirectJDKLog [restartedMain] Starting service [Tomcat]
2021-10-28 11:03:56,174 INFO org.apache.juli.logging.DirectJDKLog [restartedMain] Starting Servlet engine: [Apache Tomcat/9.0.53]
2021-10-28 11:03:56,182 INFO org.apache.juli.logging.DirectJDKLog [restartedMain] Initializing Spring embedded WebApplicationContext
2021-10-28 11:03:56,182 INFO org.springframework.boot.web.servlet.context.ServletWebServerApplicationContext [restartedMain] Root WebApplicationContext: initialization completed in 300 ms
2021-10-28 11:03:56,225 INFO org.hibernate.jpa.internal.util.LogHelper [restartedMain] HHH000204: Processing PersistenceUnitInfo [name: default]
2021-10-28 11:03:56,228 INFO com.zaxxer.hikari.HikariDataSource [restartedMain] HikariPool-18 - Starting...
2021-10-28 11:03:56,243 INFO com.zaxxer.hikari.HikariDataSource [restartedMain] HikariPool-18 - Start completed.
2021-10-28 11:03:56,244 INFO org.hibernate.dialect.Dialect [restartedMain] HHH000400: Using dialect: org.hibernate.dialect.MySQL57InnoDBDialect
2021-10-28 11:03:56,278 INFO org.hibernate.engine.transaction.jta.platform.internal.JtaPlatformInitiator [restartedMain] HHH000490: Using JtaPlatform implementation: [org.hibernate.engine.transaction.jta.platform.internal.NoJtaPlatform]
2021-10-28 11:03:56,278 INFO org.springframework.orm.jpa.AbstractEntityManagerFactoryBean [restartedMain] Initialized JPA EntityManagerFactory for persistence unit 'default'
2021-10-28 11:03:56,426 WARN org.springframework.boot.autoconfigure.orm.jpa.JpaBaseConfiguration$JpaWebConfiguration [restartedMain] spring.jpa.open-in-view is enabled by default. Therefore, database queries may be performed during view rendering. Explicitly configure spring.jpa.open-in-view to disable this warning
2021-10-28 11:03:56,454 INFO springfox.documentation.spring.web.PropertySourcedRequestMappingHandlerMapping [restartedMain] Mapped URL path [/v2/api-docs] onto method [springfox.documentation.swagger2.web.Swagger2Controller#getDocumentation(String, HttpServletRequest)]
2021-10-28 11:03:56,502 INFO org.springframework.boot.devtools.autoconfigure.OptionalLiveReloadServer [restartedMain] LiveReload server is running on port 35729
2021-10-28 11:03:56,548 INFO org.apache.juli.logging.DirectJDKLog [restartedMain] Starting ProtocolHandler ["http-nio-8086"]
2021-10-28 11:03:56,549 INFO org.springframework.boot.web.embedded.tomcat.TomcatWebServer [restartedMain] Tomcat started on port(s): 8086 (http) with context path ''
2021-10-28 11:03:56,550 INFO springfox.documentation.spring.web.plugins.DocumentationPluginsBootstrapper [restartedMain] Context refreshed
2021-10-28 11:03:56,550 INFO springfox.documentation.spring.web.plugins.DocumentationPluginsBootstrapper [restartedMain] Found 1 custom documentation plugin(s)
2021-10-28 11:03:56,554 INFO springfox.documentation.spring.web.scanners.ApiListingReferenceScanner [restartedMain] Scanning for api listing references
2021-10-28 11:03:56,605 INFO springfox.documentation.spring.web.readers.operation.CachingOperationNameGenerator [restartedMain] Generating unique operation named: getDepartmentUsingGET_1
2021-10-28 11:03:56,631 INFO org.springframework.boot.StartupInfoLogger [restartedMain] Started AssignmentApplication in 0.78 seconds (JVM running for 3287.421)
2021-10-28 11:03:56,634 INFO org.springframework.boot.devtools.autoconfigure.ConditionEvaluationDeltaLoggingListener [restartedMain] Condition evaluation unchanged
